This is pdfTeX, Version 3.141592653-2.6-1.40.24 (TeX Live 2022/CVE-2023-32700 patched) (preloaded format=pdflatex 2023.4.28)  22 JUL 2023 12:37
entering extended mode
 restricted \write18 enabled.
 %&-line parsing enabled.
**exp.tex
(./exp.tex
LaTeX2e <2022-06-01> patch level 5
L3 programming layer <2022-12-17>
(/usr/share/texlive/texmf-dist/tex/latex/standalone/standalone.cls
Document Class: standalone 2022/10/10 v1.3b Class to compile TeX sub-files stan
dalone
(/usr/share/texlive/texmf-dist/tex/latex/tools/shellesc.sty
Package: shellesc 2019/11/08 v1.0c unified shell escape interface for LaTeX
Package shellesc Info: Restricted shell escape enabled on input line 77.
)
(/usr/share/texlive/texmf-dist/tex/generic/iftex/ifluatex.sty
Package: ifluatex 2019/10/25 v1.5 ifluatex legacy package. Use iftex instead.

(/usr/share/texlive/texmf-dist/tex/generic/iftex/iftex.sty
Package: iftex 2022/02/03 v1.0f TeX engine tests
))
(/usr/share/texlive/texmf-dist/tex/latex/xkeyval/xkeyval.sty
Package: xkeyval 2022/06/16 v2.9 package option processing (HA)

(/usr/share/texlive/texmf-dist/tex/generic/xkeyval/xkeyval.tex
(/usr/share/texlive/texmf-dist/tex/generic/xkeyval/xkvutils.tex
\XKV@toks=\toks16
\XKV@tempa@toks=\toks17

(/usr/share/texlive/texmf-dist/tex/generic/xkeyval/keyval.tex))
\XKV@depth=\count185
File: xkeyval.tex 2014/12/03 v2.7a key=value parser (HA)
))
\sa@internal=\count186
\c@sapage=\count187

(/usr/share/texlive/texmf-dist/tex/latex/standalone/standalone.cfg
File: standalone.cfg 2022/10/10 v1.3b Default configuration file for 'standalon
e' class
)
(/usr/share/texlive/texmf-dist/tex/latex/base/article.cls
Document Class: article 2021/10/04 v1.4n Standard LaTeX document class
(/usr/share/texlive/texmf-dist/tex/latex/base/size10.clo
File: size10.clo 2021/10/04 v1.4n Standard LaTeX file (size option)
)
\c@part=\count188
\c@section=\count189
\c@subsection=\count190
\c@subsubsection=\count191
\c@paragraph=\count192
\c@subparagraph=\count193
\c@figure=\count194
\c@table=\count195
\abovecaptionskip=\skip47
\belowcaptionskip=\skip48
\bibindent=\dimen140
)
\sa@box=\box51
)
(/usr/share/texlive/texmf-dist/tex/latex/booktabs/booktabs.sty
Package: booktabs 2020/01/12 v1.61803398 Publication quality tables
\heavyrulewidth=\dimen141
\lightrulewidth=\dimen142
\cmidrulewidth=\dimen143
\belowrulesep=\dimen144
\belowbottomsep=\dimen145
\aboverulesep=\dimen146
\abovetopsep=\dimen147
\cmidrulesep=\dimen148
\cmidrulekern=\dimen149
\defaultaddspace=\dimen150
\@cmidla=\count196
\@cmidlb=\count197
\@aboverulesep=\dimen151
\@belowrulesep=\dimen152
\@thisruleclass=\count198
\@lastruleclass=\count199
\@thisrulewidth=\dimen153
)
(/usr/share/texlive/texmf-dist/tex/latex/siunitx/siunitx.sty
Package: siunitx 2022-12-05 v3.1.11 A comprehensive (SI) units package
\l__siunitx_angle_tmp_dim=\dimen154
\l__siunitx_angle_marker_box=\box52
\l__siunitx_angle_unit_box=\box53
\l__siunitx_compound_count_int=\count266

(/usr/share/texlive/texmf-dist/tex/latex/translations/translations.sty
Package: translations 2022/02/05 v1.12 internationalization of LaTeX2e packages
 (CN)

(/usr/share/texlive/texmf-dist/tex/latex/etoolbox/etoolbox.sty
Package: etoolbox 2020/10/05 v2.5k e-TeX tools for LaTeX (JAW)
\etb@tempcnta=\count267
)
(/usr/share/texlive/texmf-dist/tex/generic/pdftexcmds/pdftexcmds.sty
Package: pdftexcmds 2020-06-27 v0.33 Utility functions of pdfTeX for LuaTeX (HO
)

(/usr/share/texlive/texmf-dist/tex/generic/infwarerr/infwarerr.sty
Package: infwarerr 2019/12/03 v1.5 Providing info/warning/error messages (HO)
)
(/usr/share/texlive/texmf-dist/tex/generic/ltxcmds/ltxcmds.sty
Package: ltxcmds 2020-05-10 v1.25 LaTeX kernel commands for general use (HO)
)
Package pdftexcmds Info: \pdf@primitive is available.
Package pdftexcmds Info: \pdf@ifprimitive is available.
Package pdftexcmds Info: \pdfdraftmode found.
))
\l__siunitx_number_exponent_fixed_int=\count268
\l__siunitx_number_min_decimal_int=\count269
\l__siunitx_number_min_integer_int=\count270
\l__siunitx_number_round_precision_int=\count271
\l__siunitx_number_group_first_int=\count272
\l__siunitx_number_group_size_int=\count273
\l__siunitx_number_group_minimum_int=\count274

(/usr/share/texlive/texmf-dist/tex/latex/amsmath/amstext.sty
Package: amstext 2021/08/26 v2.01 AMS text

(/usr/share/texlive/texmf-dist/tex/latex/amsmath/amsgen.sty
File: amsgen.sty 1999/11/30 v2.0 generic functions
\@emptytoks=\toks18
\ex@=\dimen155
))
\l__siunitx_table_tmp_box=\box54
\l__siunitx_table_tmp_dim=\dimen156
\l__siunitx_table_column_width_dim=\dimen157
\l__siunitx_table_integer_box=\box55
\l__siunitx_table_decimal_box=\box56
\l__siunitx_table_before_box=\box57
\l__siunitx_table_after_box=\box58
\l__siunitx_table_before_dim=\dimen158
\l__siunitx_table_carry_dim=\dimen159
\l__siunitx_unit_tmp_int=\count275
\l__siunitx_unit_position_int=\count276
\l__siunitx_unit_total_int=\count277

Package siunitx Info: Option "scientific-notation = true" has been deprecated
(siunitx)             in this release.
(siunitx)             
(siunitx)             Use "exponent-mode = scientific" as a replacement.


(/usr/share/texlive/texmf-dist/tex/latex/tools/array.sty
Package: array 2022/09/04 v2.5g Tabular extension package (FMi)
\col@sep=\dimen160
\ar@mcellbox=\box59
\extrarowheight=\dimen161
\NC@list=\toks19
\extratabsurround=\skip49
\backup@length=\skip50
\ar@cellbox=\box60
))
Package translations Info: No language package found. I am going to use `englis
h' as default language. on input line 5.

(/usr/share/texlive/texmf-dist/tex/latex/l3backend/l3backend-pdftex.def
File: l3backend-pdftex.def 2022-10-26 L3 backend support: PDF output (pdfTeX)
\l__color_backend_stack_int=\count278
\l__pdf_internal_box=\box61
)
(./exp.aux)
\openout1 = `exp.aux'.

LaTeX Font Info:    Checking defaults for OML/cmm/m/it on input line 5.
LaTeX Font Info:    ... okay on input line 5.
LaTeX Font Info:    Checking defaults for OMS/cmsy/m/n on input line 5.
LaTeX Font Info:    ... okay on input line 5.
LaTeX Font Info:    Checking defaults for OT1/cmr/m/n on input line 5.
LaTeX Font Info:    ... okay on input line 5.
LaTeX Font Info:    Checking defaults for T1/cmr/m/n on input line 5.
LaTeX Font Info:    ... okay on input line 5.
LaTeX Font Info:    Checking defaults for TS1/cmr/m/n on input line 5.
LaTeX Font Info:    ... okay on input line 5.
LaTeX Font Info:    Checking defaults for OMX/cmex/m/n on input line 5.
LaTeX Font Info:    ... okay on input line 5.
LaTeX Font Info:    Checking defaults for U/cmr/m/n on input line 5.
LaTeX Font Info:    ... okay on input line 5.
 (/usr/share/texlive/texmf-dist/tex/latex/graphics/color.sty
Package: color 2022/01/06 v1.3d Standard LaTeX Color (DPC)

(/usr/share/texlive/texmf-dist/tex/latex/graphics-cfg/color.cfg
File: color.cfg 2016/01/02 v1.6 sample color configuration
)
Package color Info: Driver file: pdftex.def on input line 149.

(/usr/share/texlive/texmf-dist/tex/latex/graphics-def/pdftex.def
File: pdftex.def 2022/09/22 v1.2b Graphics/color driver for pdftex

(/usr/share/texlive/texmf-dist/tex/context/base/mkii/supp-pdf.mkii
[Loading MPS to PDF converter (version 2006.09.02).]
\scratchcounter=\count279
\scratchdimen=\dimen162
\scratchbox=\box62
\nofMPsegments=\count280
\nofMParguments=\count281
\everyMPshowfont=\toks20
\MPscratchCnt=\count282
\MPscratchDim=\dimen163
\MPnumerator=\count283
\makeMPintoPDFobject=\count284
\everyMPtoPDFconversion=\toks21
)) (/usr/share/texlive/texmf-dist/tex/latex/graphics/mathcolor.ltx))
(/usr/share/texlive/texmf-dist/tex/latex/translations/translations-basic-dictio
nary-english.trsl
File: translations-basic-dictionary-english.trsl (english translation file `tra
nslations-basic-dictionary')
)
Package translations Info: loading dictionary `translations-basic-dictionary' f
or `english'. on input line 5.
LaTeX Font Info:    External font `cmex10' loaded for size
(Font)              <7> on input line 7.
LaTeX Font Info:    External font `cmex10' loaded for size
(Font)              <5> on input line 7.
 [1

{/var/lib/texmf/fonts/map/pdftex/updmap/pdftex.map

pdfTeX warning: pdflatex (file /var/lib/texmf/fonts/map/pdftex/updmap/pdftex.ma
p): invalid entry for `PTMono-BoldSlanted-tlf-il2': SlantFont/ExtendFont can be
 used only with embedded Type1 fonts


pdfTeX warning: pdflatex (file /var/lib/texmf/fonts/map/pdftex/updmap/pdftex.ma
p): invalid entry for `PTMono-BoldSlanted-tlf-ot1': SlantFont/ExtendFont can be
 used only with embedded Type1 fonts


pdfTeX warning: pdflatex (file /var/lib/texmf/fonts/map/pdftex/updmap/pdftex.ma
p): invalid entry for `PTMono-BoldSlanted-tlf-ot2': SlantFont/ExtendFont can be
 used only with embedded Type1 fonts


pdfTeX warning: pdflatex (file /var/lib/texmf/fonts/map/pdftex/updmap/pdftex.ma
p): invalid entry for `PTMono-BoldSlanted-tlf-t1--base': SlantFont/ExtendFont c
an be used only with embedded Type1 fonts


pdfTeX warning: pdflatex (file /var/lib/texmf/fonts/map/pdftex/updmap/pdftex.ma
p): invalid entry for `PTMono-BoldSlanted-tlf-t2a--base': SlantFont/ExtendFont 
can be used only with embedded Type1 fonts


pdfTeX warning: pdflatex (file /var/lib/texmf/fonts/map/pdftex/updmap/pdftex.ma
p): invalid entry for `PTMono-BoldSlanted-tlf-t2b--base': SlantFont/ExtendFont 
can be used only with embedded Type1 fonts


pdfTeX warning: pdflatex (file /var/lib/texmf/fonts/map/pdftex/updmap/pdftex.ma
p): invalid entry for `PTMono-BoldSlanted-tlf-t2c--base': SlantFont/ExtendFont 
can be used only with embedded Type1 fonts


pdfTeX warning: pdflatex (file /var/lib/texmf/fonts/map/pdftex/updmap/pdftex.ma
p): invalid entry for `PTMono-BoldSlanted-tlf-ts1--base': SlantFont/ExtendFont 
can be used only with embedded Type1 fonts


pdfTeX warning: pdflatex (file /var/lib/texmf/fonts/map/pdftex/updmap/pdftex.ma
p): invalid entry for `PTMono-BoldSlanted-tlf-x2--base': SlantFont/ExtendFont c
an be used only with embedded Type1 fonts


pdfTeX warning: pdflatex (file /var/lib/texmf/fonts/map/pdftex/updmap/pdftex.ma
p): invalid entry for `PTMono-Slanted-tlf-il2': SlantFont/ExtendFont can be use
d only with embedded Type1 fonts


pdfTeX warning: pdflatex (file /var/lib/texmf/fonts/map/pdftex/updmap/pdftex.ma
p): invalid entry for `PTMono-Slanted-tlf-ot1': SlantFont/ExtendFont can be use
d only with embedded Type1 fonts


pdfTeX warning: pdflatex (file /var/lib/texmf/fonts/map/pdftex/updmap/pdftex.ma
p): invalid entry for `PTMono-Slanted-tlf-ot2': SlantFont/ExtendFont can be use
d only with embedded Type1 fonts


pdfTeX warning: pdflatex (file /var/lib/texmf/fonts/map/pdftex/updmap/pdftex.ma
p): invalid entry for `PTMono-Slanted-tlf-t1--base': SlantFont/ExtendFont can b
e used only with embedded Type1 fonts


pdfTeX warning: pdflatex (file /var/lib/texmf/fonts/map/pdftex/updmap/pdftex.ma
p): invalid entry for `PTMono-Slanted-tlf-t2a--base': SlantFont/ExtendFont can 
be used only with embedded Type1 fonts


pdfTeX warning: pdflatex (file /var/lib/texmf/fonts/map/pdftex/updmap/pdftex.ma
p): invalid entry for `PTMono-Slanted-tlf-t2b--base': SlantFont/ExtendFont can 
be used only with embedded Type1 fonts


pdfTeX warning: pdflatex (file /var/lib/texmf/fonts/map/pdftex/updmap/pdftex.ma
p): invalid entry for `PTMono-Slanted-tlf-t2c--base': SlantFont/ExtendFont can 
be used only with embedded Type1 fonts


pdfTeX warning: pdflatex (file /var/lib/texmf/fonts/map/pdftex/updmap/pdftex.ma
p): invalid entry for `PTMono-Slanted-tlf-ts1--base': SlantFont/ExtendFont can 
be used only with embedded Type1 fonts


pdfTeX warning: pdflatex (file /var/lib/texmf/fonts/map/pdftex/updmap/pdftex.ma
p): invalid entry for `PTMono-Slanted-tlf-x2--base': SlantFont/ExtendFont can b
e used only with embedded Type1 fonts


pdfTeX warning: pdflatex (file /var/lib/texmf/fonts/map/pdftex/updmap/pdftex.ma
p): invalid entry for `PTSans-CaptionBoldSlanted-tlf-il2': SlantFont/ExtendFont
 can be used only with embedded Type1 fonts


pdfTeX warning: pdflatex (file /var/lib/texmf/fonts/map/pdftex/updmap/pdftex.ma
p): invalid entry for `PTSans-CaptionBoldSlanted-tlf-ot1': SlantFont/ExtendFont
 can be used only with embedded Type1 fonts


pdfTeX warning: pdflatex (file /var/lib/texmf/fonts/map/pdftex/updmap/pdftex.ma
p): invalid entry for `PTSans-CaptionBoldSlanted-tlf-ot2': SlantFont/ExtendFont
 can be used only with embedded Type1 fonts


pdfTeX warning: pdflatex (file /var/lib/texmf/fonts/map/pdftex/updmap/pdftex.ma
p): invalid entry for `PTSans-CaptionBoldSlanted-tlf-t1--base': SlantFont/Exten
dFont can be used only with embedded Type1 fonts


pdfTeX warning: pdflatex (file /var/lib/texmf/fonts/map/pdftex/updmap/pdftex.ma
p): invalid entry for `PTSans-CaptionBoldSlanted-tlf-t2a--base': SlantFont/Exte
ndFont can be used only with embedded Type1 fonts


pdfTeX warning: pdflatex (file /var/lib/texmf/fonts/map/pdftex/updmap/pdftex.ma
p): invalid entry for `PTSans-CaptionBoldSlanted-tlf-t2b--base': SlantFont/Exte
ndFont can be used only with embedded Type1 fonts


pdfTeX warning: pdflatex (file /var/lib/texmf/fonts/map/pdftex/updmap/pdftex.ma
p): invalid entry for `PTSans-CaptionBoldSlanted-tlf-t2c--base': SlantFont/Exte
ndFont can be used only with embedded Type1 fonts


pdfTeX warning: pdflatex (file /var/lib/texmf/fonts/map/pdftex/updmap/pdftex.ma
p): invalid entry for `PTSans-CaptionBoldSlanted-tlf-ts1--base': SlantFont/Exte
ndFont can be used only with embedded Type1 fonts


pdfTeX warning: pdflatex (file /var/lib/texmf/fonts/map/pdftex/updmap/pdftex.ma
p): invalid entry for `PTSans-CaptionBoldSlanted-tlf-x2--base': SlantFont/Exten
dFont can be used only with embedded Type1 fonts


pdfTeX warning: pdflatex (file /var/lib/texmf/fonts/map/pdftex/updmap/pdftex.ma
p): invalid entry for `PTSans-CaptionSlanted-tlf-il2': SlantFont/ExtendFont can
 be used only with embedded Type1 fonts


pdfTeX warning: pdflatex (file /var/lib/texmf/fonts/map/pdftex/updmap/pdftex.ma
p): invalid entry for `PTSans-CaptionSlanted-tlf-ot1': SlantFont/ExtendFont can
 be used only with embedded Type1 fonts


pdfTeX warning: pdflatex (file /var/lib/texmf/fonts/map/pdftex/updmap/pdftex.ma
p): invalid entry for `PTSans-CaptionSlanted-tlf-ot2': SlantFont/ExtendFont can
 be used only with embedded Type1 fonts


pdfTeX warning: pdflatex (file /var/lib/texmf/fonts/map/pdftex/updmap/pdftex.ma
p): invalid entry for `PTSans-CaptionSlanted-tlf-t1--base': SlantFont/ExtendFon
t can be used only with embedded Type1 fonts


pdfTeX warning: pdflatex (file /var/lib/texmf/fonts/map/pdftex/updmap/pdftex.ma
p): invalid entry for `PTSans-CaptionSlanted-tlf-t2a--base': SlantFont/ExtendFo
nt can be used only with embedded Type1 fonts


pdfTeX warning: pdflatex (file /var/lib/texmf/fonts/map/pdftex/updmap/pdftex.ma
p): invalid entry for `PTSans-CaptionSlanted-tlf-t2b--base': SlantFont/ExtendFo
nt can be used only with embedded Type1 fonts


pdfTeX warning: pdflatex (file /var/lib/texmf/fonts/map/pdftex/updmap/pdftex.ma
p): invalid entry for `PTSans-CaptionSlanted-tlf-t2c--base': SlantFont/ExtendFo
nt can be used only with embedded Type1 fonts


pdfTeX warning: pdflatex (file /var/lib/texmf/fonts/map/pdftex/updmap/pdftex.ma
p): invalid entry for `PTSans-CaptionSlanted-tlf-ts1--base': SlantFont/ExtendFo
nt can be used only with embedded Type1 fonts


pdfTeX warning: pdflatex (file /var/lib/texmf/fonts/map/pdftex/updmap/pdftex.ma
p): invalid entry for `PTSans-CaptionSlanted-tlf-x2--base': SlantFont/ExtendFon
t can be used only with embedded Type1 fonts


pdfTeX warning: pdflatex (file /var/lib/texmf/fonts/map/pdftex/updmap/pdftex.ma
p): invalid entry for `PTSans-NarrowBoldSlanted-tlf-il2': SlantFont/ExtendFont 
can be used only with embedded Type1 fonts


pdfTeX warning: pdflatex (file /var/lib/texmf/fonts/map/pdftex/updmap/pdftex.ma
p): invalid entry for `PTSans-NarrowBoldSlanted-tlf-ot1': SlantFont/ExtendFont 
can be used only with embedded Type1 fonts


pdfTeX warning: pdflatex (file /var/lib/texmf/fonts/map/pdftex/updmap/pdftex.ma
p): invalid entry for `PTSans-NarrowBoldSlanted-tlf-ot2': SlantFont/ExtendFont 
can be used only with embedded Type1 fonts


pdfTeX warning: pdflatex (file /var/lib/texmf/fonts/map/pdftex/updmap/pdftex.ma
p): invalid entry for `PTSans-NarrowBoldSlanted-tlf-t1--base': SlantFont/Extend
Font can be used only with embedded Type1 fonts


pdfTeX warning: pdflatex (file /var/lib/texmf/fonts/map/pdftex/updmap/pdftex.ma
p): invalid entry for `PTSans-NarrowBoldSlanted-tlf-t2a--base': SlantFont/Exten
dFont can be used only with embedded Type1 fonts


pdfTeX warning: pdflatex (file /var/lib/texmf/fonts/map/pdftex/updmap/pdftex.ma
p): invalid entry for `PTSans-NarrowBoldSlanted-tlf-t2b--base': SlantFont/Exten
dFont can be used only with embedded Type1 fonts


pdfTeX warning: pdflatex (file /var/lib/texmf/fonts/map/pdftex/updmap/pdftex.ma
p): invalid entry for `PTSans-NarrowBoldSlanted-tlf-t2c--base': SlantFont/Exten
dFont can be used only with embedded Type1 fonts


pdfTeX warning: pdflatex (file /var/lib/texmf/fonts/map/pdftex/updmap/pdftex.ma
p): invalid entry for `PTSans-NarrowBoldSlanted-tlf-ts1--base': SlantFont/Exten
dFont can be used only with embedded Type1 fonts


pdfTeX warning: pdflatex (file /var/lib/texmf/fonts/map/pdftex/updmap/pdftex.ma
p): invalid entry for `PTSans-NarrowBoldSlanted-tlf-x2--base': SlantFont/Extend
Font can be used only with embedded Type1 fonts


pdfTeX warning: pdflatex (file /var/lib/texmf/fonts/map/pdftex/updmap/pdftex.ma
p): invalid entry for `PTSans-NarrowSlanted-tlf-il2': SlantFont/ExtendFont can 
be used only with embedded Type1 fonts


pdfTeX warning: pdflatex (file /var/lib/texmf/fonts/map/pdftex/updmap/pdftex.ma
p): invalid entry for `PTSans-NarrowSlanted-tlf-ot1': SlantFont/ExtendFont can 
be used only with embedded Type1 fonts


pdfTeX warning: pdflatex (file /var/lib/texmf/fonts/map/pdftex/updmap/pdftex.ma
p): invalid entry for `PTSans-NarrowSlanted-tlf-ot2': SlantFont/ExtendFont can 
be used only with embedded Type1 fonts


pdfTeX warning: pdflatex (file /var/lib/texmf/fonts/map/pdftex/updmap/pdftex.ma
p): invalid entry for `PTSans-NarrowSlanted-tlf-t1--base': SlantFont/ExtendFont
 can be used only with embedded Type1 fonts


pdfTeX warning: pdflatex (file /var/lib/texmf/fonts/map/pdftex/updmap/pdftex.ma
p): invalid entry for `PTSans-NarrowSlanted-tlf-t2a--base': SlantFont/ExtendFon
t can be used only with embedded Type1 fonts


pdfTeX warning: pdflatex (file /var/lib/texmf/fonts/map/pdftex/updmap/pdftex.ma
p): invalid entry for `PTSans-NarrowSlanted-tlf-t2b--base': SlantFont/ExtendFon
t can be used only with embedded Type1 fonts


pdfTeX warning: pdflatex (file /var/lib/texmf/fonts/map/pdftex/updmap/pdftex.ma
p): invalid entry for `PTSans-NarrowSlanted-tlf-t2c--base': SlantFont/ExtendFon
t can be used only with embedded Type1 fonts


pdfTeX warning: pdflatex (file /var/lib/texmf/fonts/map/pdftex/updmap/pdftex.ma
p): invalid entry for `PTSans-NarrowSlanted-tlf-ts1--base': SlantFont/ExtendFon
t can be used only with embedded Type1 fonts


pdfTeX warning: pdflatex (file /var/lib/texmf/fonts/map/pdftex/updmap/pdftex.ma
p): invalid entry for `PTSans-NarrowSlanted-tlf-x2--base': SlantFont/ExtendFont
 can be used only with embedded Type1 fonts


pdfTeX warning: pdflatex (file /var/lib/texmf/fonts/map/pdftex/updmap/pdftex.ma
p): invalid entry for `PTSerif-BoldSlanted-tlf-il2': SlantFont/ExtendFont can b
e used only with embedded Type1 fonts


pdfTeX warning: pdflatex (file /var/lib/texmf/fonts/map/pdftex/updmap/pdftex.ma
p): invalid entry for `PTSerif-BoldSlanted-tlf-ot1': SlantFont/ExtendFont can b
e used only with embedded Type1 fonts


pdfTeX warning: pdflatex (file /var/lib/texmf/fonts/map/pdftex/updmap/pdftex.ma
p): invalid entry for `PTSerif-BoldSlanted-tlf-ot2': SlantFont/ExtendFont can b
e used only with embedded Type1 fonts


pdfTeX warning: pdflatex (file /var/lib/texmf/fonts/map/pdftex/updmap/pdftex.ma
p): invalid entry for `PTSerif-BoldSlanted-tlf-t1--base': SlantFont/ExtendFont 
can be used only with embedded Type1 fonts


pdfTeX warning: pdflatex (file /var/lib/texmf/fonts/map/pdftex/updmap/pdftex.ma
p): invalid entry for `PTSerif-BoldSlanted-tlf-t2a--base': SlantFont/ExtendFont
 can be used only with embedded Type1 fonts


pdfTeX warning: pdflatex (file /var/lib/texmf/fonts/map/pdftex/updmap/pdftex.ma
p): invalid entry for `PTSerif-BoldSlanted-tlf-t2b--base': SlantFont/ExtendFont
 can be used only with embedded Type1 fonts


pdfTeX warning: pdflatex (file /var/lib/texmf/fonts/map/pdftex/updmap/pdftex.ma
p): invalid entry for `PTSerif-BoldSlanted-tlf-t2c--base': SlantFont/ExtendFont
 can be used only with embedded Type1 fonts


pdfTeX warning: pdflatex (file /var/lib/texmf/fonts/map/pdftex/updmap/pdftex.ma
p): invalid entry for `PTSerif-BoldSlanted-tlf-ts1--base': SlantFont/ExtendFont
 can be used only with embedded Type1 fonts


pdfTeX warning: pdflatex (file /var/lib/texmf/fonts/map/pdftex/updmap/pdftex.ma
p): invalid entry for `PTSerif-BoldSlanted-tlf-x2--base': SlantFont/ExtendFont 
can be used only with embedded Type1 fonts


pdfTeX warning: pdflatex (file /var/lib/texmf/fonts/map/pdftex/updmap/pdftex.ma
p): invalid entry for `PTSerif-BoldUprightItalic-tlf-il2': SlantFont/ExtendFont
 can be used only with embedded Type1 fonts


pdfTeX warning: pdflatex (file /var/lib/texmf/fonts/map/pdftex/updmap/pdftex.ma
p): invalid entry for `PTSerif-BoldUprightItalic-tlf-ot1': SlantFont/ExtendFont
 can be used only with embedded Type1 fonts


pdfTeX warning: pdflatex (file /var/lib/texmf/fonts/map/pdftex/updmap/pdftex.ma
p): invalid entry for `PTSerif-BoldUprightItalic-tlf-t1--base': SlantFont/Exten
dFont can be used only with embedded Type1 fonts


pdfTeX warning: pdflatex (file /var/lib/texmf/fonts/map/pdftex/updmap/pdftex.ma
p): invalid entry for `PTSerif-BoldUprightItalic-tlf-t2a--base': SlantFont/Exte
ndFont can be used only with embedded Type1 fonts


pdfTeX warning: pdflatex (file /var/lib/texmf/fonts/map/pdftex/updmap/pdftex.ma
p): invalid entry for `PTSerif-BoldUprightItalic-tlf-t2b--base': SlantFont/Exte
ndFont can be used only with embedded Type1 fonts


pdfTeX warning: pdflatex (file /var/lib/texmf/fonts/map/pdftex/updmap/pdftex.ma
p): invalid entry for `PTSerif-BoldUprightItalic-tlf-t2c--base': SlantFont/Exte
ndFont can be used only with embedded Type1 fonts


pdfTeX warning: pdflatex (file /var/lib/texmf/fonts/map/pdftex/updmap/pdftex.ma
p): invalid entry for `PTSerif-BoldUprightItalic-tlf-ts1--base': SlantFont/Exte
ndFont can be used only with embedded Type1 fonts


pdfTeX warning: pdflatex (file /var/lib/texmf/fonts/map/pdftex/updmap/pdftex.ma
p): invalid entry for `PTSerif-BoldUprightItalic-tlf-x2--base': SlantFont/Exten
dFont can be used only with embedded Type1 fonts


pdfTeX warning: pdflatex (file /var/lib/texmf/fonts/map/pdftex/updmap/pdftex.ma
p): invalid entry for `PTSerif-CaptionSlanted-tlf-il2': SlantFont/ExtendFont ca
n be used only with embedded Type1 fonts


pdfTeX warning: pdflatex (file /var/lib/texmf/fonts/map/pdftex/updmap/pdftex.ma
p): invalid entry for `PTSerif-CaptionSlanted-tlf-ot1': SlantFont/ExtendFont ca
n be used only with embedded Type1 fonts


pdfTeX warning: pdflatex (file /var/lib/texmf/fonts/map/pdftex/updmap/pdftex.ma
p): invalid entry for `PTSerif-CaptionSlanted-tlf-ot2': SlantFont/ExtendFont ca
n be used only with embedded Type1 fonts


pdfTeX warning: pdflatex (file /var/lib/texmf/fonts/map/pdftex/updmap/pdftex.ma
p): invalid entry for `PTSerif-CaptionSlanted-tlf-t1--base': SlantFont/ExtendFo
nt can be used only with embedded Type1 fonts


pdfTeX warning: pdflatex (file /var/lib/texmf/fonts/map/pdftex/updmap/pdftex.ma
p): invalid entry for `PTSerif-CaptionSlanted-tlf-t2a--base': SlantFont/ExtendF
ont can be used only with embedded Type1 fonts


pdfTeX warning: pdflatex (file /var/lib/texmf/fonts/map/pdftex/updmap/pdftex.ma
p): invalid entry for `PTSerif-CaptionSlanted-tlf-t2b--base': SlantFont/ExtendF
ont can be used only with embedded Type1 fonts


pdfTeX warning: pdflatex (file /var/lib/texmf/fonts/map/pdftex/updmap/pdftex.ma
p): invalid entry for `PTSerif-CaptionSlanted-tlf-t2c--base': SlantFont/ExtendF
ont can be used only with embedded Type1 fonts


pdfTeX warning: pdflatex (file /var/lib/texmf/fonts/map/pdftex/updmap/pdftex.ma
p): invalid entry for `PTSerif-CaptionSlanted-tlf-ts1--base': SlantFont/ExtendF
ont can be used only with embedded Type1 fonts


pdfTeX warning: pdflatex (file /var/lib/texmf/fonts/map/pdftex/updmap/pdftex.ma
p): invalid entry for `PTSerif-CaptionSlanted-tlf-x2--base': SlantFont/ExtendFo
nt can be used only with embedded Type1 fonts


pdfTeX warning: pdflatex (file /var/lib/texmf/fonts/map/pdftex/updmap/pdftex.ma
p): invalid entry for `PTSerif-CaptionUprightItalic-tlf-il2': SlantFont/ExtendF
ont can be used only with embedded Type1 fonts


pdfTeX warning: pdflatex (file /var/lib/texmf/fonts/map/pdftex/updmap/pdftex.ma
p): invalid entry for `PTSerif-CaptionUprightItalic-tlf-ot1': SlantFont/ExtendF
ont can be used only with embedded Type1 fonts


pdfTeX warning: pdflatex (file /var/lib/texmf/fonts/map/pdftex/updmap/pdftex.ma
p): invalid entry for `PTSerif-CaptionUprightItalic-tlf-t1--base': SlantFont/Ex
tendFont can be used only with embedded Type1 fonts


pdfTeX warning: pdflatex (file /var/lib/texmf/fonts/map/pdftex/updmap/pdftex.ma
p): invalid entry for `PTSerif-CaptionUprightItalic-tlf-t2a--base': SlantFont/E
xtendFont can be used only with embedded Type1 fonts


pdfTeX warning: pdflatex (file /var/lib/texmf/fonts/map/pdftex/updmap/pdftex.ma
p): invalid entry for `PTSerif-CaptionUprightItalic-tlf-t2b--base': SlantFont/E
xtendFont can be used only with embedded Type1 fonts


pdfTeX warning: pdflatex (file /var/lib/texmf/fonts/map/pdftex/updmap/pdftex.ma
p): invalid entry for `PTSerif-CaptionUprightItalic-tlf-t2c--base': SlantFont/E
xtendFont can be used only with embedded Type1 fonts


pdfTeX warning: pdflatex (file /var/lib/texmf/fonts/map/pdftex/updmap/pdftex.ma
p): invalid entry for `PTSerif-CaptionUprightItalic-tlf-ts1--base': SlantFont/E
xtendFont can be used only with embedded Type1 fonts


pdfTeX warning: pdflatex (file /var/lib/texmf/fonts/map/pdftex/updmap/pdftex.ma
p): invalid entry for `PTSerif-CaptionUprightItalic-tlf-x2--base': SlantFont/Ex
tendFont can be used only with embedded Type1 fonts


pdfTeX warning: pdflatex (file /var/lib/texmf/fonts/map/pdftex/updmap/pdftex.ma
p): invalid entry for `PTSerif-Slanted-tlf-il2': SlantFont/ExtendFont can be us
ed only with embedded Type1 fonts


pdfTeX warning: pdflatex (file /var/lib/texmf/fonts/map/pdftex/updmap/pdftex.ma
p): invalid entry for `PTSerif-Slanted-tlf-ot1': SlantFont/ExtendFont can be us
ed only with embedded Type1 fonts


pdfTeX warning: pdflatex (file /var/lib/texmf/fonts/map/pdftex/updmap/pdftex.ma
p): invalid entry for `PTSerif-Slanted-tlf-ot2': SlantFont/ExtendFont can be us
ed only with embedded Type1 fonts


pdfTeX warning: pdflatex (file /var/lib/texmf/fonts/map/pdftex/updmap/pdftex.ma
p): invalid entry for `PTSerif-Slanted-tlf-t1--base': SlantFont/ExtendFont can 
be used only with embedded Type1 fonts


pdfTeX warning: pdflatex (file /var/lib/texmf/fonts/map/pdftex/updmap/pdftex.ma
p): invalid entry for `PTSerif-Slanted-tlf-t2a--base': SlantFont/ExtendFont can
 be used only with embedded Type1 fonts


pdfTeX warning: pdflatex (file /var/lib/texmf/fonts/map/pdftex/updmap/pdftex.ma
p): invalid entry for `PTSerif-Slanted-tlf-t2b--base': SlantFont/ExtendFont can
 be used only with embedded Type1 fonts


pdfTeX warning: pdflatex (file /var/lib/texmf/fonts/map/pdftex/updmap/pdftex.ma
p): invalid entry for `PTSerif-Slanted-tlf-t2c--base': SlantFont/ExtendFont can
 be used only with embedded Type1 fonts


pdfTeX warning: pdflatex (file /var/lib/texmf/fonts/map/pdftex/updmap/pdftex.ma
p): invalid entry for `PTSerif-Slanted-tlf-ts1--base': SlantFont/ExtendFont can
 be used only with embedded Type1 fonts


pdfTeX warning: pdflatex (file /var/lib/texmf/fonts/map/pdftex/updmap/pdftex.ma
p): invalid entry for `PTSerif-Slanted-tlf-x2--base': SlantFont/ExtendFont can 
be used only with embedded Type1 fonts


pdfTeX warning: pdflatex (file /var/lib/texmf/fonts/map/pdftex/updmap/pdftex.ma
p): invalid entry for `PTSerif-UprightItalic-tlf-il2': SlantFont/ExtendFont can
 be used only with embedded Type1 fonts


pdfTeX warning: pdflatex (file /var/lib/texmf/fonts/map/pdftex/updmap/pdftex.ma
p): invalid entry for `PTSerif-UprightItalic-tlf-ot1': SlantFont/ExtendFont can
 be used only with embedded Type1 fonts


pdfTeX warning: pdflatex (file /var/lib/texmf/fonts/map/pdftex/updmap/pdftex.ma
p): invalid entry for `PTSerif-UprightItalic-tlf-t1--base': SlantFont/ExtendFon
t can be used only with embedded Type1 fonts


pdfTeX warning: pdflatex (file /var/lib/texmf/fonts/map/pdftex/updmap/pdftex.ma
p): invalid entry for `PTSerif-UprightItalic-tlf-t2a--base': SlantFont/ExtendFo
nt can be used only with embedded Type1 fonts


pdfTeX warning: pdflatex (file /var/lib/texmf/fonts/map/pdftex/updmap/pdftex.ma
p): invalid entry for `PTSerif-UprightItalic-tlf-t2b--base': SlantFont/ExtendFo
nt can be used only with embedded Type1 fonts


pdfTeX warning: pdflatex (file /var/lib/texmf/fonts/map/pdftex/updmap/pdftex.ma
p): invalid entry for `PTSerif-UprightItalic-tlf-t2c--base': SlantFont/ExtendFo
nt can be used only with embedded Type1 fonts


pdfTeX warning: pdflatex (file /var/lib/texmf/fonts/map/pdftex/updmap/pdftex.ma
p): invalid entry for `PTSerif-UprightItalic-tlf-ts1--base': SlantFont/ExtendFo
nt can be used only with embedded Type1 fonts


pdfTeX warning: pdflatex (file /var/lib/texmf/fonts/map/pdftex/updmap/pdftex.ma
p): invalid entry for `PTSerif-UprightItalic-tlf-x2--base': SlantFont/ExtendFon
t can be used only with embedded Type1 fonts


pdfTeX warning: pdflatex (file /var/lib/texmf/fonts/map/pdftex/updmap/pdftex.ma
p): fontmap entry for `pcrb8y' already exists, duplicates ignored


pdfTeX warning: pdflatex (file /var/lib/texmf/fonts/map/pdftex/updmap/pdftex.ma
p): fontmap entry for `pcrbo8y' already exists, duplicates ignored


pdfTeX warning: pdflatex (file /var/lib/texmf/fonts/map/pdftex/updmap/pdftex.ma
p): fontmap entry for `pcrr8y' already exists, duplicates ignored


pdfTeX warning: pdflatex (file /var/lib/texmf/fonts/map/pdftex/updmap/pdftex.ma
p): fontmap entry for `pcrro8y' already exists, duplicates ignored


pdfTeX warning: pdflatex (file /var/lib/texmf/fonts/map/pdftex/updmap/pdftex.ma
p): fontmap entry for `pncb8y' already exists, duplicates ignored


pdfTeX warning: pdflatex (file /var/lib/texmf/fonts/map/pdftex/updmap/pdftex.ma
p): fontmap entry for `pncbi8y' already exists, duplicates ignored


pdfTeX warning: pdflatex (file /var/lib/texmf/fonts/map/pdftex/updmap/pdftex.ma
p): invalid entry for `pncbo8y': SlantFont/ExtendFont can be used only with emb
edded Type1 fonts


pdfTeX warning: pdflatex (file /var/lib/texmf/fonts/map/pdftex/updmap/pdftex.ma
p): fontmap entry for `pncr8y' already exists, duplicates ignored


pdfTeX warning: pdflatex (file /var/lib/texmf/fonts/map/pdftex/updmap/pdftex.ma
p): fontmap entry for `pncri8y' already exists, duplicates ignored


pdfTeX warning: pdflatex (file /var/lib/texmf/fonts/map/pdftex/updmap/pdftex.ma
p): invalid entry for `pncro8y': SlantFont/ExtendFont can be used only with emb
edded Type1 fonts


pdfTeX warning: pdflatex (file /var/lib/texmf/fonts/map/pdftex/updmap/pdftex.ma
p): ambiguous entry for `UniClass[letter]': font file present but not included,
 will be treated as font file not present


pdfTeX warning: pdflatex (file /var/lib/texmf/fonts/map/pdftex/updmap/pdftex.ma
p): fontmap entry for `rpxpplb' already exists, duplicates ignored


pdfTeX warning: pdflatex (file /var/lib/texmf/fonts/map/pdftex/updmap/pdftex.ma
p): fontmap entry for `rpxpplbi' already exists, duplicates ignored


pdfTeX warning: pdflatex (file /var/lib/texmf/fonts/map/pdftex/updmap/pdftex.ma
p): fontmap entry for `rpxpplbo' already exists, duplicates ignored


pdfTeX warning: pdflatex (file /var/lib/texmf/fonts/map/pdftex/updmap/pdftex.ma
p): fontmap entry for `rpxpplr' already exists, duplicates ignored


pdfTeX warning: pdflatex (file /var/lib/texmf/fonts/map/pdftex/updmap/pdftex.ma
p): fontmap entry for `rpxpplri' already exists, duplicates ignored


pdfTeX warning: pdflatex (file /var/lib/texmf/fonts/map/pdftex/updmap/pdftex.ma
p): fontmap entry for `rpxpplro' already exists, duplicates ignored


pdfTeX warning: pdflatex (file /var/lib/texmf/fonts/map/pdftex/updmap/pdftex.ma
p): ambiguous entry for `rtcxbsl': font file present but not included, will be 
treated as font file not present


pdfTeX warning: pdflatex (file /var/lib/texmf/fonts/map/pdftex/updmap/pdftex.ma
p): ambiguous entry for `rtcxbsso': font file present but not included, will be
 treated as font file not present


pdfTeX warning: pdflatex (file /var/lib/texmf/fonts/map/pdftex/updmap/pdftex.ma
p): ambiguous entry for `rtcxsl': font file present but not included, will be t
reated as font file not present


pdfTeX warning: pdflatex (file /var/lib/texmf/fonts/map/pdftex/updmap/pdftex.ma
p): ambiguous entry for `rtcxsssl': font file present but not included, will be
 treated as font file not present


pdfTeX warning: pdflatex (file /var/lib/texmf/fonts/map/pdftex/updmap/pdftex.ma
p): ambiguous entry for `rtxbsl': font file present but not included, will be t
reated as font file not present


pdfTeX warning: pdflatex (file /var/lib/texmf/fonts/map/pdftex/updmap/pdftex.ma
p): ambiguous entry for `rtxbsssl': font file present but not included, will be
 treated as font file not present


pdfTeX warning: pdflatex (file /var/lib/texmf/fonts/map/pdftex/updmap/pdftex.ma
p): ambiguous entry for `rtxphvb': font file present but not included, will be 
treated as font file not present


pdfTeX warning: pdflatex (file /var/lib/texmf/fonts/map/pdftex/updmap/pdftex.ma
p): fontmap entry for `rtxphvb' already exists, duplicates ignored


pdfTeX warning: pdflatex (file /var/lib/texmf/fonts/map/pdftex/updmap/pdftex.ma
p): ambiguous entry for `rtxphvbo': font file present but not included, will be
 treated as font file not present


pdfTeX warning: pdflatex (file /var/lib/texmf/fonts/map/pdftex/updmap/pdftex.ma
p): fontmap entry for `rtxphvbo' already exists, duplicates ignored


pdfTeX warning: pdflatex (file /var/lib/texmf/fonts/map/pdftex/updmap/pdftex.ma
p): ambiguous entry for `rtxphvr': font file present but not included, will be 
treated as font file not present


pdfTeX warning: pdflatex (file /var/lib/texmf/fonts/map/pdftex/updmap/pdftex.ma
p): fontmap entry for `rtxphvr' already exists, duplicates ignored


pdfTeX warning: pdflatex (file /var/lib/texmf/fonts/map/pdftex/updmap/pdftex.ma
p): ambiguous entry for `rtxphvro': font file present but not included, will be
 treated as font file not present


pdfTeX warning: pdflatex (file /var/lib/texmf/fonts/map/pdftex/updmap/pdftex.ma
p): fontmap entry for `rtxphvro' already exists, duplicates ignored


pdfTeX warning: pdflatex (file /var/lib/texmf/fonts/map/pdftex/updmap/pdftex.ma
p): ambiguous entry for `rtxptmb': font file present but not included, will be 
treated as font file not present


pdfTeX warning: pdflatex (file /var/lib/texmf/fonts/map/pdftex/updmap/pdftex.ma
p): fontmap entry for `rtxptmb' already exists, duplicates ignored


pdfTeX warning: pdflatex (file /var/lib/texmf/fonts/map/pdftex/updmap/pdftex.ma
p): ambiguous entry for `rtxptmbi': font file present but not included, will be
 treated as font file not present


pdfTeX warning: pdflatex (file /var/lib/texmf/fonts/map/pdftex/updmap/pdftex.ma
p): fontmap entry for `rtxptmbi' already exists, duplicates ignored


pdfTeX warning: pdflatex (file /var/lib/texmf/fonts/map/pdftex/updmap/pdftex.ma
p): ambiguous entry for `rtxptmbo': font file present but not included, will be
 treated as font file not present


pdfTeX warning: pdflatex (file /var/lib/texmf/fonts/map/pdftex/updmap/pdftex.ma
p): fontmap entry for `rtxptmbo' already exists, duplicates ignored


pdfTeX warning: pdflatex (file /var/lib/texmf/fonts/map/pdftex/updmap/pdftex.ma
p): ambiguous entry for `rtxptmr': font file present but not included, will be 
treated as font file not present


pdfTeX warning: pdflatex (file /var/lib/texmf/fonts/map/pdftex/updmap/pdftex.ma
p): fontmap entry for `rtxptmr' already exists, duplicates ignored


pdfTeX warning: pdflatex (file /var/lib/texmf/fonts/map/pdftex/updmap/pdftex.ma
p): ambiguous entry for `rtxptmri': font file present but not included, will be
 treated as font file not present


pdfTeX warning: pdflatex (file /var/lib/texmf/fonts/map/pdftex/updmap/pdftex.ma
p): fontmap entry for `rtxptmri' already exists, duplicates ignored


pdfTeX warning: pdflatex (file /var/lib/texmf/fonts/map/pdftex/updmap/pdftex.ma
p): ambiguous entry for `rtxptmro': font file present but not included, will be
 treated as font file not present


pdfTeX warning: pdflatex (file /var/lib/texmf/fonts/map/pdftex/updmap/pdftex.ma
p): fontmap entry for `rtxptmro' already exists, duplicates ignored


pdfTeX warning: pdflatex (file /var/lib/texmf/fonts/map/pdftex/updmap/pdftex.ma
p): ambiguous entry for `rtxsl': font file present but not included, will be tr
eated as font file not present


pdfTeX warning: pdflatex (file /var/lib/texmf/fonts/map/pdftex/updmap/pdftex.ma
p): ambiguous entry for `rtxsssl': font file present but not included, will be 
treated as font file not present


pdfTeX warning: pdflatex (file /var/lib/texmf/fonts/map/pdftex/updmap/pdftex.ma
p): ambiguous entry for `t1xbttsl': font file present but not included, will be
 treated as font file not present


pdfTeX warning: pdflatex (file /var/lib/texmf/fonts/map/pdftex/updmap/pdftex.ma
p): ambiguous entry for `t1xttsl': font file present but not included, will be 
treated as font file not present


pdfTeX warning: pdflatex (file /var/lib/texmf/fonts/map/pdftex/updmap/pdftex.ma
p): ambiguous entry for `tcxbttsl': font file present but not included, will be
 treated as font file not present


pdfTeX warning: pdflatex (file /var/lib/texmf/fonts/map/pdftex/updmap/pdftex.ma
p): ambiguous entry for `tcxttsl': font file present but not included, will be 
treated as font file not present


pdfTeX warning: pdflatex (file /var/lib/texmf/fonts/map/pdftex/updmap/pdftex.ma
p): ambiguous entry for `txbttsl': font file present but not included, will be 
treated as font file not present


pdfTeX warning: pdflatex (file /var/lib/texmf/fonts/map/pdftex/updmap/pdftex.ma
p): ambiguous entry for `txttsl': font file present but not included, will be t
reated as font file not present
}] (./exp.aux) ) 
Here is how much of TeX's memory you used:
 5883 strings out of 476182
 149388 string characters out of 5796604
 1851793 words of memory out of 6000000
 26182 multiletter control sequences out of 15000+600000
 512935 words of font info for 35 fonts, out of 8000000 for 9000
 1137 hyphenation exceptions out of 8191
 71i,8n,78p,220b,520s stack positions out of 10000i,1000n,20000p,200000b,200000s
</usr/share/texlive/texmf-dist/fonts/type1/public/amsfonts/cm/c
mbx7.pfb></usr/share/texlive/texmf-dist/fonts/type1/public/amsfonts/cm/cmmi7.pf
b></usr/share/texlive/texmf-dist/fonts/type1/public/amsfonts/cm/cmr5.pfb></usr/
share/texlive/texmf-dist/fonts/type1/public/amsfonts/cm/cmr7.pfb></usr/share/te
xlive/texmf-dist/fonts/type1/public/amsfonts/cm/cmsy7.pfb></usr/share/texlive/t
exmf-dist/fonts/type1/public/amsfonts/cm/cmtcsc10.pfb>
Output written on exp.pdf (1 page, 58263 bytes).
PDF statistics:
 38 PDF objects out of 1000 (max. 8388607)
 22 compressed objects within 1 object stream
 0 named destinations out of 1000 (max. 500000)
 1 words of extra memory for PDF output out of 10000 (max. 10000000)

