This is pdfTeX, Version 3.141592653-2.6-1.40.24 (TeX Live 2022/CVE-2023-32700 patched) (preloaded format=pdflatex 2023.4.28)  23 AUG 2023 00:33
entering extended mode
 restricted \write18 enabled.
 %&-line parsing enabled.
**slides.tex
(./slides.tex
LaTeX2e <2022-06-01> patch level 5
L3 programming layer <2022-12-17>
(/usr/share/texlive/texmf-dist/tex/latex/beamer/beamer.cls
Document Class: beamer 2022/09/13 v3.68 A class for typesetting presentations
(/usr/share/texlive/texmf-dist/tex/latex/beamer/beamerbasemodes.sty
(/usr/share/texlive/texmf-dist/tex/latex/etoolbox/etoolbox.sty
Package: etoolbox 2020/10/05 v2.5k e-TeX tools for LaTeX (JAW)
\etb@tempcnta=\count185
)
\beamer@tempbox=\box51
\beamer@tempcount=\count186
\c@beamerpauses=\count187

(/usr/share/texlive/texmf-dist/tex/latex/beamer/beamerbasedecode.sty
\beamer@slideinframe=\count188
\beamer@minimum=\count189
\beamer@decode@box=\box52
)
\beamer@commentbox=\box53
\beamer@modecount=\count190
)
(/usr/share/texlive/texmf-dist/tex/generic/iftex/iftex.sty
Package: iftex 2022/02/03 v1.0f TeX engine tests
)
\headdp=\dimen140
\footheight=\dimen141
\sidebarheight=\dimen142
\beamer@tempdim=\dimen143
\beamer@finalheight=\dimen144
\beamer@animht=\dimen145
\beamer@animdp=\dimen146
\beamer@animwd=\dimen147
\beamer@leftmargin=\dimen148
\beamer@rightmargin=\dimen149
\beamer@leftsidebar=\dimen150
\beamer@rightsidebar=\dimen151
\beamer@boxsize=\dimen152
\beamer@vboxoffset=\dimen153
\beamer@descdefault=\dimen154
\beamer@descriptionwidth=\dimen155
\beamer@lastskip=\skip47
\beamer@areabox=\box54
\beamer@animcurrent=\box55
\beamer@animshowbox=\box56
\beamer@sectionbox=\box57
\beamer@logobox=\box58
\beamer@linebox=\box59
\beamer@sectioncount=\count191
\beamer@subsubsectionmax=\count192
\beamer@subsectionmax=\count193
\beamer@sectionmax=\count194
\beamer@totalheads=\count195
\beamer@headcounter=\count196
\beamer@partstartpage=\count197
\beamer@sectionstartpage=\count198
\beamer@subsectionstartpage=\count199
\beamer@animationtempa=\count266
\beamer@animationtempb=\count267
\beamer@xpos=\count268
\beamer@ypos=\count269
\beamer@ypos@offset=\count270
\beamer@showpartnumber=\count271
\beamer@currentsubsection=\count272
\beamer@coveringdepth=\count273
\beamer@sectionadjust=\count274
\beamer@toclastsection=\count275
\beamer@tocsectionnumber=\count276

(/usr/share/texlive/texmf-dist/tex/latex/beamer/beamerbaseoptions.sty
(/usr/share/texlive/texmf-dist/tex/latex/graphics/keyval.sty
Package: keyval 2022/05/29 v1.15 key=value parser (DPC)
\KV@toks@=\toks16
))
\beamer@paperwidth=\skip48
\beamer@paperheight=\skip49

(/usr/share/texlive/texmf-dist/tex/latex/geometry/geometry.sty
Package: geometry 2020/01/02 v5.9 Page Geometry

(/usr/share/texlive/texmf-dist/tex/generic/iftex/ifvtex.sty
Package: ifvtex 2019/10/25 v1.7 ifvtex legacy package. Use iftex instead.
)
\Gm@cnth=\count277
\Gm@cntv=\count278
\c@Gm@tempcnt=\count279
\Gm@bindingoffset=\dimen156
\Gm@wd@mp=\dimen157
\Gm@odd@mp=\dimen158
\Gm@even@mp=\dimen159
\Gm@layoutwidth=\dimen160
\Gm@layoutheight=\dimen161
\Gm@layouthoffset=\dimen162
\Gm@layoutvoffset=\dimen163
\Gm@dimlist=\toks17
)
(/usr/share/texlive/texmf-dist/tex/latex/pgf/math/pgfmath.sty
(/usr/share/texlive/texmf-dist/tex/latex/pgf/utilities/pgfrcs.sty
(/usr/share/texlive/texmf-dist/tex/generic/pgf/utilities/pgfutil-common.tex
\pgfutil@everybye=\toks18
\pgfutil@tempdima=\dimen164
\pgfutil@tempdimb=\dimen165

(/usr/share/texlive/texmf-dist/tex/generic/pgf/utilities/pgfutil-common-lists.t
ex)) (/usr/share/texlive/texmf-dist/tex/generic/pgf/utilities/pgfutil-latex.def
\pgfutil@abb=\box60
) (/usr/share/texlive/texmf-dist/tex/generic/pgf/utilities/pgfrcs.code.tex
(/usr/share/texlive/texmf-dist/tex/generic/pgf/pgf.revision.tex)
Package: pgfrcs 2021/05/15 v3.1.9a (3.1.9a)
))
(/usr/share/texlive/texmf-dist/tex/latex/pgf/utilities/pgfkeys.sty
(/usr/share/texlive/texmf-dist/tex/generic/pgf/utilities/pgfkeys.code.tex
\pgfkeys@pathtoks=\toks19
\pgfkeys@temptoks=\toks20

(/usr/share/texlive/texmf-dist/tex/generic/pgf/utilities/pgfkeysfiltered.code.t
ex
\pgfkeys@tmptoks=\toks21
))) (/usr/share/texlive/texmf-dist/tex/generic/pgf/math/pgfmath.code.tex
(/usr/share/texlive/texmf-dist/tex/generic/pgf/math/pgfmathcalc.code.tex
(/usr/share/texlive/texmf-dist/tex/generic/pgf/math/pgfmathutil.code.tex
\pgf@x=\dimen166
\pgf@xa=\dimen167
\pgf@xb=\dimen168
\pgf@xc=\dimen169
\pgf@y=\dimen170
\pgf@ya=\dimen171
\pgf@yb=\dimen172
\pgf@yc=\dimen173
\c@pgf@counta=\count280
\c@pgf@countb=\count281
\c@pgf@countc=\count282
\c@pgf@countd=\count283
)
(/usr/share/texlive/texmf-dist/tex/generic/pgf/math/pgfmathparser.code.tex
\pgfmath@dimen=\dimen174
\pgfmath@count=\count284
\pgfmath@box=\box61
\pgfmath@toks=\toks22
\pgfmath@stack@operand=\toks23
\pgfmath@stack@operation=\toks24
)
(/usr/share/texlive/texmf-dist/tex/generic/pgf/math/pgfmathfunctions.code.tex
(/usr/share/texlive/texmf-dist/tex/generic/pgf/math/pgfmathfunctions.basic.code
.tex)
(/usr/share/texlive/texmf-dist/tex/generic/pgf/math/pgfmathfunctions.trigonomet
ric.code.tex)
(/usr/share/texlive/texmf-dist/tex/generic/pgf/math/pgfmathfunctions.random.cod
e.tex)
(/usr/share/texlive/texmf-dist/tex/generic/pgf/math/pgfmathfunctions.comparison
.code.tex)
(/usr/share/texlive/texmf-dist/tex/generic/pgf/math/pgfmathfunctions.base.code.
tex)
(/usr/share/texlive/texmf-dist/tex/generic/pgf/math/pgfmathfunctions.round.code
.tex)
(/usr/share/texlive/texmf-dist/tex/generic/pgf/math/pgfmathfunctions.misc.code.
tex)
(/usr/share/texlive/texmf-dist/tex/generic/pgf/math/pgfmathfunctions.integerari
thmetics.code.tex)))
(/usr/share/texlive/texmf-dist/tex/generic/pgf/math/pgfmathfloat.code.tex
\c@pgfmathroundto@lastzeros=\count285
)))
(/usr/share/texlive/texmf-dist/tex/latex/base/size10.clo
File: size10.clo 2021/10/04 v1.4n Standard LaTeX file (size option)
)
(/usr/share/texlive/texmf-dist/tex/latex/pgf/basiclayer/pgfcore.sty
(/usr/share/texlive/texmf-dist/tex/latex/graphics/graphicx.sty
Package: graphicx 2021/09/16 v1.2d Enhanced LaTeX Graphics (DPC,SPQR)

(/usr/share/texlive/texmf-dist/tex/latex/graphics/graphics.sty
Package: graphics 2022/03/10 v1.4e Standard LaTeX Graphics (DPC,SPQR)

(/usr/share/texlive/texmf-dist/tex/latex/graphics/trig.sty
Package: trig 2021/08/11 v1.11 sin cos tan (DPC)
)
(/usr/share/texlive/texmf-dist/tex/latex/graphics-cfg/graphics.cfg
File: graphics.cfg 2016/06/04 v1.11 sample graphics configuration
)
Package graphics Info: Driver file: pdftex.def on input line 107.

(/usr/share/texlive/texmf-dist/tex/latex/graphics-def/pdftex.def
File: pdftex.def 2022/09/22 v1.2b Graphics/color driver for pdftex
))
\Gin@req@height=\dimen175
\Gin@req@width=\dimen176
)
(/usr/share/texlive/texmf-dist/tex/latex/pgf/systemlayer/pgfsys.sty
(/usr/share/texlive/texmf-dist/tex/generic/pgf/systemlayer/pgfsys.code.tex
Package: pgfsys 2021/05/15 v3.1.9a (3.1.9a)

(/usr/share/texlive/texmf-dist/tex/generic/pgf/utilities/pgfkeys.code.tex)
\pgf@x=\dimen177
\pgf@y=\dimen178
\pgf@xa=\dimen179
\pgf@ya=\dimen180
\pgf@xb=\dimen181
\pgf@yb=\dimen182
\pgf@xc=\dimen183
\pgf@yc=\dimen184
\pgf@xd=\dimen185
\pgf@yd=\dimen186
\w@pgf@writea=\write3
\r@pgf@reada=\read2
\c@pgf@counta=\count286
\c@pgf@countb=\count287
\c@pgf@countc=\count288
\c@pgf@countd=\count289
\t@pgf@toka=\toks25
\t@pgf@tokb=\toks26
\t@pgf@tokc=\toks27
\pgf@sys@id@count=\count290

(/usr/share/texlive/texmf-dist/tex/generic/pgf/systemlayer/pgf.cfg
File: pgf.cfg 2021/05/15 v3.1.9a (3.1.9a)
)
Driver file for pgf: pgfsys-pdftex.def

(/usr/share/texlive/texmf-dist/tex/generic/pgf/systemlayer/pgfsys-pdftex.def
File: pgfsys-pdftex.def 2021/05/15 v3.1.9a (3.1.9a)

(/usr/share/texlive/texmf-dist/tex/generic/pgf/systemlayer/pgfsys-common-pdf.de
f
File: pgfsys-common-pdf.def 2021/05/15 v3.1.9a (3.1.9a)
)))
(/usr/share/texlive/texmf-dist/tex/generic/pgf/systemlayer/pgfsyssoftpath.code.
tex
File: pgfsyssoftpath.code.tex 2021/05/15 v3.1.9a (3.1.9a)
\pgfsyssoftpath@smallbuffer@items=\count291
\pgfsyssoftpath@bigbuffer@items=\count292
)
(/usr/share/texlive/texmf-dist/tex/generic/pgf/systemlayer/pgfsysprotocol.code.
tex
File: pgfsysprotocol.code.tex 2021/05/15 v3.1.9a (3.1.9a)
)) (/usr/share/texlive/texmf-dist/tex/latex/xcolor/xcolor.sty
Package: xcolor 2022/06/12 v2.14 LaTeX color extensions (UK)

(/usr/share/texlive/texmf-dist/tex/latex/graphics-cfg/color.cfg
File: color.cfg 2016/01/02 v1.6 sample color configuration
)
Package xcolor Info: Driver file: pdftex.def on input line 227.

(/usr/share/texlive/texmf-dist/tex/latex/graphics/mathcolor.ltx)
Package xcolor Info: Model `cmy' substituted by `cmy0' on input line 1353.
Package xcolor Info: Model `hsb' substituted by `rgb' on input line 1357.
Package xcolor Info: Model `RGB' extended on input line 1369.
Package xcolor Info: Model `HTML' substituted by `rgb' on input line 1371.
Package xcolor Info: Model `Hsb' substituted by `hsb' on input line 1372.
Package xcolor Info: Model `tHsb' substituted by `hsb' on input line 1373.
Package xcolor Info: Model `HSB' substituted by `hsb' on input line 1374.
Package xcolor Info: Model `Gray' substituted by `gray' on input line 1375.
Package xcolor Info: Model `wave' substituted by `hsb' on input line 1376.
)
(/usr/share/texlive/texmf-dist/tex/generic/pgf/basiclayer/pgfcore.code.tex
Package: pgfcore 2021/05/15 v3.1.9a (3.1.9a)

(/usr/share/texlive/texmf-dist/tex/generic/pgf/math/pgfmath.code.tex)
(/usr/share/texlive/texmf-dist/tex/generic/pgf/math/pgfint.code.tex)
(/usr/share/texlive/texmf-dist/tex/generic/pgf/basiclayer/pgfcorepoints.code.te
x
File: pgfcorepoints.code.tex 2021/05/15 v3.1.9a (3.1.9a)
\pgf@picminx=\dimen187
\pgf@picmaxx=\dimen188
\pgf@picminy=\dimen189
\pgf@picmaxy=\dimen190
\pgf@pathminx=\dimen191
\pgf@pathmaxx=\dimen192
\pgf@pathminy=\dimen193
\pgf@pathmaxy=\dimen194
\pgf@xx=\dimen195
\pgf@xy=\dimen196
\pgf@yx=\dimen197
\pgf@yy=\dimen198
\pgf@zx=\dimen199
\pgf@zy=\dimen256
)
(/usr/share/texlive/texmf-dist/tex/generic/pgf/basiclayer/pgfcorepathconstruct.
code.tex
File: pgfcorepathconstruct.code.tex 2021/05/15 v3.1.9a (3.1.9a)
\pgf@path@lastx=\dimen257
\pgf@path@lasty=\dimen258
)
(/usr/share/texlive/texmf-dist/tex/generic/pgf/basiclayer/pgfcorepathusage.code
.tex
File: pgfcorepathusage.code.tex 2021/05/15 v3.1.9a (3.1.9a)
\pgf@shorten@end@additional=\dimen259
\pgf@shorten@start@additional=\dimen260
)
(/usr/share/texlive/texmf-dist/tex/generic/pgf/basiclayer/pgfcorescopes.code.te
x
File: pgfcorescopes.code.tex 2021/05/15 v3.1.9a (3.1.9a)
\pgfpic=\box62
\pgf@hbox=\box63
\pgf@layerbox@main=\box64
\pgf@picture@serial@count=\count293
)
(/usr/share/texlive/texmf-dist/tex/generic/pgf/basiclayer/pgfcoregraphicstate.c
ode.tex
File: pgfcoregraphicstate.code.tex 2021/05/15 v3.1.9a (3.1.9a)
\pgflinewidth=\dimen261
)
(/usr/share/texlive/texmf-dist/tex/generic/pgf/basiclayer/pgfcoretransformation
s.code.tex
File: pgfcoretransformations.code.tex 2021/05/15 v3.1.9a (3.1.9a)
\pgf@pt@x=\dimen262
\pgf@pt@y=\dimen263
\pgf@pt@temp=\dimen264
)
(/usr/share/texlive/texmf-dist/tex/generic/pgf/basiclayer/pgfcorequick.code.tex
File: pgfcorequick.code.tex 2021/05/15 v3.1.9a (3.1.9a)
)
(/usr/share/texlive/texmf-dist/tex/generic/pgf/basiclayer/pgfcoreobjects.code.t
ex
File: pgfcoreobjects.code.tex 2021/05/15 v3.1.9a (3.1.9a)
)
(/usr/share/texlive/texmf-dist/tex/generic/pgf/basiclayer/pgfcorepathprocessing
.code.tex
File: pgfcorepathprocessing.code.tex 2021/05/15 v3.1.9a (3.1.9a)
)
(/usr/share/texlive/texmf-dist/tex/generic/pgf/basiclayer/pgfcorearrows.code.te
x
File: pgfcorearrows.code.tex 2021/05/15 v3.1.9a (3.1.9a)
\pgfarrowsep=\dimen265
)
(/usr/share/texlive/texmf-dist/tex/generic/pgf/basiclayer/pgfcoreshade.code.tex
File: pgfcoreshade.code.tex 2021/05/15 v3.1.9a (3.1.9a)
\pgf@max=\dimen266
\pgf@sys@shading@range@num=\count294
\pgf@shadingcount=\count295
)
(/usr/share/texlive/texmf-dist/tex/generic/pgf/basiclayer/pgfcoreimage.code.tex
File: pgfcoreimage.code.tex 2021/05/15 v3.1.9a (3.1.9a)

(/usr/share/texlive/texmf-dist/tex/generic/pgf/basiclayer/pgfcoreexternal.code.
tex
File: pgfcoreexternal.code.tex 2021/05/15 v3.1.9a (3.1.9a)
\pgfexternal@startupbox=\box65
))
(/usr/share/texlive/texmf-dist/tex/generic/pgf/basiclayer/pgfcorelayers.code.te
x
File: pgfcorelayers.code.tex 2021/05/15 v3.1.9a (3.1.9a)
)
(/usr/share/texlive/texmf-dist/tex/generic/pgf/basiclayer/pgfcoretransparency.c
ode.tex
File: pgfcoretransparency.code.tex 2021/05/15 v3.1.9a (3.1.9a)
)
(/usr/share/texlive/texmf-dist/tex/generic/pgf/basiclayer/pgfcorepatterns.code.
tex
File: pgfcorepatterns.code.tex 2021/05/15 v3.1.9a (3.1.9a)
)
(/usr/share/texlive/texmf-dist/tex/generic/pgf/basiclayer/pgfcorerdf.code.tex
File: pgfcorerdf.code.tex 2021/05/15 v3.1.9a (3.1.9a)
))) (/usr/share/texlive/texmf-dist/tex/latex/pgf/utilities/xxcolor.sty
Package: xxcolor 2003/10/24 ver 0.1
\XC@nummixins=\count296
\XC@countmixins=\count297
)
(/usr/share/texlive/texmf-dist/tex/latex/base/atbegshi-ltx.sty
Package: atbegshi-ltx 2021/01/10 v1.0c Emulation of the original atbegshi
package with kernel methods
)
(/usr/share/texlive/texmf-dist/tex/latex/hyperref/hyperref.sty
Package: hyperref 2022-11-13 v7.00u Hypertext links for LaTeX

(/usr/share/texlive/texmf-dist/tex/generic/ltxcmds/ltxcmds.sty
Package: ltxcmds 2020-05-10 v1.25 LaTeX kernel commands for general use (HO)
)
(/usr/share/texlive/texmf-dist/tex/generic/pdftexcmds/pdftexcmds.sty
Package: pdftexcmds 2020-06-27 v0.33 Utility functions of pdfTeX for LuaTeX (HO
)

(/usr/share/texlive/texmf-dist/tex/generic/infwarerr/infwarerr.sty
Package: infwarerr 2019/12/03 v1.5 Providing info/warning/error messages (HO)
)
Package pdftexcmds Info: \pdf@primitive is available.
Package pdftexcmds Info: \pdf@ifprimitive is available.
Package pdftexcmds Info: \pdfdraftmode found.
)
(/usr/share/texlive/texmf-dist/tex/latex/kvsetkeys/kvsetkeys.sty
Package: kvsetkeys 2022-10-05 v1.19 Key value parser (HO)
)
(/usr/share/texlive/texmf-dist/tex/generic/kvdefinekeys/kvdefinekeys.sty
Package: kvdefinekeys 2019-12-19 v1.6 Define keys (HO)
)
(/usr/share/texlive/texmf-dist/tex/generic/pdfescape/pdfescape.sty
Package: pdfescape 2019/12/09 v1.15 Implements pdfTeX's escape features (HO)
)
(/usr/share/texlive/texmf-dist/tex/latex/hycolor/hycolor.sty
Package: hycolor 2020-01-27 v1.10 Color options for hyperref/bookmark (HO)
)
(/usr/share/texlive/texmf-dist/tex/latex/letltxmacro/letltxmacro.sty
Package: letltxmacro 2019/12/03 v1.6 Let assignment for LaTeX macros (HO)
)
(/usr/share/texlive/texmf-dist/tex/latex/auxhook/auxhook.sty
Package: auxhook 2019-12-17 v1.6 Hooks for auxiliary files (HO)
)
(/usr/share/texlive/texmf-dist/tex/latex/hyperref/nameref.sty
Package: nameref 2022-05-17 v2.50 Cross-referencing by name of section

(/usr/share/texlive/texmf-dist/tex/latex/refcount/refcount.sty
Package: refcount 2019/12/15 v3.6 Data extraction from label references (HO)
)
(/usr/share/texlive/texmf-dist/tex/generic/gettitlestring/gettitlestring.sty
Package: gettitlestring 2019/12/15 v1.6 Cleanup title references (HO)

(/usr/share/texlive/texmf-dist/tex/latex/kvoptions/kvoptions.sty
Package: kvoptions 2022-06-15 v3.15 Key value format for package options (HO)
))
\c@section@level=\count298
)
\@linkdim=\dimen267
\Hy@linkcounter=\count299
\Hy@pagecounter=\count300

(/usr/share/texlive/texmf-dist/tex/latex/hyperref/pd1enc.def
File: pd1enc.def 2022-11-13 v7.00u Hyperref: PDFDocEncoding definition (HO)
Now handling font encoding PD1 ...
... no UTF-8 mapping file for font encoding PD1
)
(/usr/share/texlive/texmf-dist/tex/generic/intcalc/intcalc.sty
Package: intcalc 2019/12/15 v1.3 Expandable calculations with integers (HO)
)
(/usr/share/texlive/texmf-dist/tex/generic/etexcmds/etexcmds.sty
Package: etexcmds 2019/12/15 v1.7 Avoid name clashes with e-TeX commands (HO)
)
\Hy@SavedSpaceFactor=\count301

(/usr/share/texlive/texmf-dist/tex/latex/hyperref/puenc.def
File: puenc.def 2022-11-13 v7.00u Hyperref: PDF Unicode definition (HO)
Now handling font encoding PU ...
... no UTF-8 mapping file for font encoding PU
)
Package hyperref Info: Option `bookmarks' set `true' on input line 4045.
Package hyperref Info: Option `bookmarksopen' set `true' on input line 4045.
Package hyperref Info: Option `implicit' set `false' on input line 4045.
Package hyperref Info: Hyper figures OFF on input line 4162.
Package hyperref Info: Link nesting OFF on input line 4167.
Package hyperref Info: Hyper index ON on input line 4170.
Package hyperref Info: Plain pages OFF on input line 4177.
Package hyperref Info: Backreferencing OFF on input line 4182.
Package hyperref Info: Implicit mode OFF; no redefinition of LaTeX internals.
Package hyperref Info: Bookmarks ON on input line 4410.
\c@Hy@tempcnt=\count302

(/usr/share/texlive/texmf-dist/tex/latex/url/url.sty
\Urlmuskip=\muskip16
Package: url 2013/09/16  ver 3.4  Verb mode for urls, etc.
)
LaTeX Info: Redefining \url on input line 4748.
\XeTeXLinkMargin=\dimen268

(/usr/share/texlive/texmf-dist/tex/generic/bitset/bitset.sty
Package: bitset 2019/12/09 v1.3 Handle bit-vector datatype (HO)

(/usr/share/texlive/texmf-dist/tex/generic/bigintcalc/bigintcalc.sty
Package: bigintcalc 2019/12/15 v1.5 Expandable calculations on big integers (HO
)
))
\Fld@menulength=\count303
\Field@Width=\dimen269
\Fld@charsize=\dimen270
Package hyperref Info: Hyper figures OFF on input line 6027.
Package hyperref Info: Link nesting OFF on input line 6032.
Package hyperref Info: Hyper index ON on input line 6035.
Package hyperref Info: backreferencing OFF on input line 6042.
Package hyperref Info: Link coloring OFF on input line 6047.
Package hyperref Info: Link coloring with OCG OFF on input line 6052.
Package hyperref Info: PDF/A mode OFF on input line 6057.
\Hy@abspage=\count304


Package hyperref Message: Stopped early.

)
Package hyperref Info: Driver (autodetected): hpdftex.
 (/usr/share/texlive/texmf-dist/tex/latex/hyperref/hpdftex.def
File: hpdftex.def 2022-11-13 v7.00u Hyperref driver for pdfTeX

(/usr/share/texlive/texmf-dist/tex/latex/base/atveryend-ltx.sty
Package: atveryend-ltx 2020/08/19 v1.0a Emulation of the original atveryend pac
kage
with kernel methods
)
\Fld@listcount=\count305
\c@bookmark@seq@number=\count306

(/usr/share/texlive/texmf-dist/tex/latex/rerunfilecheck/rerunfilecheck.sty
Package: rerunfilecheck 2022-07-10 v1.10 Rerun checks for auxiliary files (HO)

(/usr/share/texlive/texmf-dist/tex/generic/uniquecounter/uniquecounter.sty
Package: uniquecounter 2019/12/15 v1.4 Provide unlimited unique counter (HO)
)
Package uniquecounter Info: New unique counter `rerunfilecheck' on input line 2
85.
))
(/usr/share/texlive/texmf-dist/tex/latex/beamer/beamerbaserequires.sty
(/usr/share/texlive/texmf-dist/tex/latex/beamer/beamerbasecompatibility.sty)
(/usr/share/texlive/texmf-dist/tex/latex/beamer/beamerbasefont.sty
(/usr/share/texlive/texmf-dist/tex/latex/amsfonts/amssymb.sty
Package: amssymb 2013/01/14 v3.01 AMS font symbols

(/usr/share/texlive/texmf-dist/tex/latex/amsfonts/amsfonts.sty
Package: amsfonts 2013/01/14 v3.01 Basic AMSFonts support
\@emptytoks=\toks28
\symAMSa=\mathgroup4
\symAMSb=\mathgroup5
LaTeX Font Info:    Redeclaring math symbol \hbar on input line 98.
LaTeX Font Info:    Overwriting math alphabet `\mathfrak' in version `bold'
(Font)                  U/euf/m/n --> U/euf/b/n on input line 106.
))
(/usr/share/texlive/texmf-dist/tex/latex/sansmathaccent/sansmathaccent.sty
Package: sansmathaccent 2020/01/31

(/usr/share/texlive/texmf-dist/tex/latex/koma-script/scrlfile.sty
Package: scrlfile 2022/10/12 v3.38 KOMA-Script package (file load hooks)

(/usr/share/texlive/texmf-dist/tex/latex/koma-script/scrlfile-hook.sty
Package: scrlfile-hook 2022/10/12 v3.38 KOMA-Script package (using LaTeX hooks)


(/usr/share/texlive/texmf-dist/tex/latex/koma-script/scrlogo.sty
Package: scrlogo 2022/10/12 v3.38 KOMA-Script package (logo)
)))))
(/usr/share/texlive/texmf-dist/tex/latex/beamer/beamerbasetranslator.sty
(/usr/share/texlive/texmf-dist/tex/latex/translator/translator.sty
Package: translator 2021-05-31 v1.12d Easy translation of strings in LaTeX
))
(/usr/share/texlive/texmf-dist/tex/latex/beamer/beamerbasemisc.sty)
(/usr/share/texlive/texmf-dist/tex/latex/beamer/beamerbasetwoscreens.sty)
(/usr/share/texlive/texmf-dist/tex/latex/beamer/beamerbaseoverlay.sty
\beamer@argscount=\count307
\beamer@lastskipcover=\skip50
\beamer@trivlistdepth=\count308
)
(/usr/share/texlive/texmf-dist/tex/latex/beamer/beamerbasetitle.sty)
(/usr/share/texlive/texmf-dist/tex/latex/beamer/beamerbasesection.sty
\c@lecture=\count309
\c@part=\count310
\c@section=\count311
\c@subsection=\count312
\c@subsubsection=\count313
)
(/usr/share/texlive/texmf-dist/tex/latex/beamer/beamerbaseframe.sty
\beamer@framebox=\box66
\beamer@frametitlebox=\box67
\beamer@zoombox=\box68
\beamer@zoomcount=\count314
\beamer@zoomframecount=\count315
\beamer@frametextheight=\dimen271
\c@subsectionslide=\count316
\beamer@frametopskip=\skip51
\beamer@framebottomskip=\skip52
\beamer@frametopskipautobreak=\skip53
\beamer@framebottomskipautobreak=\skip54
\beamer@envbody=\toks29
\framewidth=\dimen272
\c@framenumber=\count317
)
(/usr/share/texlive/texmf-dist/tex/latex/beamer/beamerbaseverbatim.sty
\beamer@verbatimfileout=\write4
)
(/usr/share/texlive/texmf-dist/tex/latex/beamer/beamerbaseframesize.sty
\beamer@splitbox=\box69
\beamer@autobreakcount=\count318
\beamer@autobreaklastheight=\dimen273
\beamer@frametitletoks=\toks30
\beamer@framesubtitletoks=\toks31
)
(/usr/share/texlive/texmf-dist/tex/latex/beamer/beamerbaseframecomponents.sty
\beamer@footins=\box70
)
(/usr/share/texlive/texmf-dist/tex/latex/beamer/beamerbasecolor.sty)
(/usr/share/texlive/texmf-dist/tex/latex/beamer/beamerbasenotes.sty
\beamer@frameboxcopy=\box71
)
(/usr/share/texlive/texmf-dist/tex/latex/beamer/beamerbasetoc.sty)
(/usr/share/texlive/texmf-dist/tex/latex/beamer/beamerbasetemplates.sty
\beamer@sbttoks=\toks32

(/usr/share/texlive/texmf-dist/tex/latex/beamer/beamerbaseauxtemplates.sty
(/usr/share/texlive/texmf-dist/tex/latex/beamer/beamerbaseboxes.sty
\bmb@box=\box72
\bmb@colorbox=\box73
\bmb@boxwidth=\dimen274
\bmb@boxheight=\dimen275
\bmb@prevheight=\dimen276
\bmb@temp=\dimen277
\bmb@dima=\dimen278
\bmb@dimb=\dimen279
\bmb@prevheight=\dimen280
)
\beamer@blockheadheight=\dimen281
))
(/usr/share/texlive/texmf-dist/tex/latex/beamer/beamerbaselocalstructure.sty
(/usr/share/texlive/texmf-dist/tex/latex/tools/enumerate.sty
Package: enumerate 2015/07/23 v3.00 enumerate extensions (DPC)
\@enLab=\toks33
)
\beamer@bibiconwidth=\skip55
\c@figure=\count319
\c@table=\count320
\abovecaptionskip=\skip56
\belowcaptionskip=\skip57
)
(/usr/share/texlive/texmf-dist/tex/latex/beamer/beamerbasenavigation.sty
\beamer@section@min@dim=\dimen282
)
(/usr/share/texlive/texmf-dist/tex/latex/beamer/beamerbasetheorems.sty
(/usr/share/texlive/texmf-dist/tex/latex/amsmath/amsmath.sty
Package: amsmath 2022/04/08 v2.17n AMS math features
\@mathmargin=\skip58

For additional information on amsmath, use the `?' option.
(/usr/share/texlive/texmf-dist/tex/latex/amsmath/amstext.sty
Package: amstext 2021/08/26 v2.01 AMS text

(/usr/share/texlive/texmf-dist/tex/latex/amsmath/amsgen.sty
File: amsgen.sty 1999/11/30 v2.0 generic functions
\@emptytoks=\toks34
\ex@=\dimen283
))
(/usr/share/texlive/texmf-dist/tex/latex/amsmath/amsbsy.sty
Package: amsbsy 1999/11/29 v1.2d Bold Symbols
\pmbraise@=\dimen284
)
(/usr/share/texlive/texmf-dist/tex/latex/amsmath/amsopn.sty
Package: amsopn 2022/04/08 v2.04 operator names
)
\inf@bad=\count321
LaTeX Info: Redefining \frac on input line 234.
\uproot@=\count322
\leftroot@=\count323
LaTeX Info: Redefining \overline on input line 399.
LaTeX Info: Redefining \colon on input line 410.
\classnum@=\count324
\DOTSCASE@=\count325
LaTeX Info: Redefining \ldots on input line 496.
LaTeX Info: Redefining \dots on input line 499.
LaTeX Info: Redefining \cdots on input line 620.
\Mathstrutbox@=\box74
\strutbox@=\box75
LaTeX Info: Redefining \big on input line 722.
LaTeX Info: Redefining \Big on input line 723.
LaTeX Info: Redefining \bigg on input line 724.
LaTeX Info: Redefining \Bigg on input line 725.
\big@size=\dimen285
LaTeX Font Info:    Redeclaring font encoding OML on input line 743.
LaTeX Font Info:    Redeclaring font encoding OMS on input line 744.
\macc@depth=\count326
LaTeX Info: Redefining \bmod on input line 905.
LaTeX Info: Redefining \pmod on input line 910.
LaTeX Info: Redefining \smash on input line 940.
LaTeX Info: Redefining \relbar on input line 970.
LaTeX Info: Redefining \Relbar on input line 971.
\c@MaxMatrixCols=\count327
\dotsspace@=\muskip17
\c@parentequation=\count328
\dspbrk@lvl=\count329
\tag@help=\toks35
\row@=\count330
\column@=\count331
\maxfields@=\count332
\andhelp@=\toks36
\eqnshift@=\dimen286
\alignsep@=\dimen287
\tagshift@=\dimen288
\tagwidth@=\dimen289
\totwidth@=\dimen290
\lineht@=\dimen291
\@envbody=\toks37
\multlinegap=\skip59
\multlinetaggap=\skip60
\mathdisplay@stack=\toks38
LaTeX Info: Redefining \[ on input line 2953.
LaTeX Info: Redefining \] on input line 2954.
)
(/usr/share/texlive/texmf-dist/tex/latex/amscls/amsthm.sty
Package: amsthm 2020/05/29 v2.20.6
\thm@style=\toks39
\thm@bodyfont=\toks40
\thm@headfont=\toks41
\thm@notefont=\toks42
\thm@headpunct=\toks43
\thm@preskip=\skip61
\thm@postskip=\skip62
\thm@headsep=\skip63
\dth@everypar=\toks44
)
\c@theorem=\count333
)
(/usr/share/texlive/texmf-dist/tex/latex/beamer/beamerbasethemes.sty))
(/usr/share/texlive/texmf-dist/tex/latex/beamer/beamerthemedefault.sty
(/usr/share/texlive/texmf-dist/tex/latex/beamer/beamerfontthemedefault.sty)
(/usr/share/texlive/texmf-dist/tex/latex/beamer/beamercolorthemedefault.sty)
(/usr/share/texlive/texmf-dist/tex/latex/beamer/beamerinnerthemedefault.sty
\beamer@dima=\dimen292
\beamer@dimb=\dimen293
)
(/usr/share/texlive/texmf-dist/tex/latex/beamer/beamerouterthemedefault.sty)))
(./preamble.tex
(/usr/share/texlive/texmf-dist/tex/latex/pgf/frontendlayer/tikz.sty
(/usr/share/texlive/texmf-dist/tex/latex/pgf/basiclayer/pgf.sty
Package: pgf 2021/05/15 v3.1.9a (3.1.9a)

(/usr/share/texlive/texmf-dist/tex/generic/pgf/modules/pgfmoduleshapes.code.tex
File: pgfmoduleshapes.code.tex 2021/05/15 v3.1.9a (3.1.9a)
\pgfnodeparttextbox=\box76
) (/usr/share/texlive/texmf-dist/tex/generic/pgf/modules/pgfmoduleplot.code.tex
File: pgfmoduleplot.code.tex 2021/05/15 v3.1.9a (3.1.9a)
)
(/usr/share/texlive/texmf-dist/tex/latex/pgf/compatibility/pgfcomp-version-0-65
.sty
Package: pgfcomp-version-0-65 2021/05/15 v3.1.9a (3.1.9a)
\pgf@nodesepstart=\dimen294
\pgf@nodesepend=\dimen295
)
(/usr/share/texlive/texmf-dist/tex/latex/pgf/compatibility/pgfcomp-version-1-18
.sty
Package: pgfcomp-version-1-18 2021/05/15 v3.1.9a (3.1.9a)
)) (/usr/share/texlive/texmf-dist/tex/latex/pgf/utilities/pgffor.sty
(/usr/share/texlive/texmf-dist/tex/generic/pgf/utilities/pgffor.code.tex
Package: pgffor 2021/05/15 v3.1.9a (3.1.9a)

(/usr/share/texlive/texmf-dist/tex/generic/pgf/math/pgfmath.code.tex)
\pgffor@iter=\dimen296
\pgffor@skip=\dimen297
\pgffor@stack=\toks45
\pgffor@toks=\toks46
))
(/usr/share/texlive/texmf-dist/tex/generic/pgf/frontendlayer/tikz/tikz.code.tex
Package: tikz 2021/05/15 v3.1.9a (3.1.9a)

(/usr/share/texlive/texmf-dist/tex/generic/pgf/libraries/pgflibraryplothandlers
.code.tex
File: pgflibraryplothandlers.code.tex 2021/05/15 v3.1.9a (3.1.9a)
\pgf@plot@mark@count=\count334
\pgfplotmarksize=\dimen298
)
\tikz@lastx=\dimen299
\tikz@lasty=\dimen300
\tikz@lastxsaved=\dimen301
\tikz@lastysaved=\dimen302
\tikz@lastmovetox=\dimen303
\tikz@lastmovetoy=\dimen304
\tikzleveldistance=\dimen305
\tikzsiblingdistance=\dimen306
\tikz@figbox=\box77
\tikz@figbox@bg=\box78
\tikz@tempbox=\box79
\tikz@tempbox@bg=\box80
\tikztreelevel=\count335
\tikznumberofchildren=\count336
\tikznumberofcurrentchild=\count337
\tikz@fig@count=\count338

(/usr/share/texlive/texmf-dist/tex/generic/pgf/modules/pgfmodulematrix.code.tex
File: pgfmodulematrix.code.tex 2021/05/15 v3.1.9a (3.1.9a)
\pgfmatrixcurrentrow=\count339
\pgfmatrixcurrentcolumn=\count340
\pgf@matrix@numberofcolumns=\count341
)
\tikz@expandcount=\count342

(/usr/share/texlive/texmf-dist/tex/generic/pgf/frontendlayer/tikz/libraries/tik
zlibrarytopaths.code.tex
File: tikzlibrarytopaths.code.tex 2021/05/15 v3.1.9a (3.1.9a)
)))
(/usr/share/texlive/texmf-dist/tex/generic/pgf/frontendlayer/tikz/libraries/tik
zlibraryfit.code.tex
File: tikzlibraryfit.code.tex 2021/05/15 v3.1.9a (3.1.9a)
)
(/usr/share/texlive/texmf-dist/tex/generic/pgf/frontendlayer/tikz/libraries/tik
zlibraryarrows.code.tex
File: tikzlibraryarrows.code.tex 2021/05/15 v3.1.9a (3.1.9a)

(/usr/share/texlive/texmf-dist/tex/generic/pgf/libraries/pgflibraryarrows.code.
tex
File: pgflibraryarrows.code.tex 2021/05/15 v3.1.9a (3.1.9a)
\arrowsize=\dimen307
))
(/usr/share/texlive/texmf-dist/tex/generic/pgf/frontendlayer/tikz/libraries/tik
zlibrarypatterns.code.tex
File: tikzlibrarypatterns.code.tex 2021/05/15 v3.1.9a (3.1.9a)

(/usr/share/texlive/texmf-dist/tex/generic/pgf/libraries/pgflibrarypatterns.cod
e.tex
File: pgflibrarypatterns.code.tex 2021/05/15 v3.1.9a (3.1.9a)
))
(/usr/share/texlive/texmf-dist/tex/generic/pgf/frontendlayer/tikz/libraries/tik
zlibraryshapes.misc.code.tex
File: tikzlibraryshapes.misc.code.tex 2021/05/15 v3.1.9a (3.1.9a)

(/usr/share/texlive/texmf-dist/tex/generic/pgf/libraries/shapes/pgflibraryshape
s.misc.code.tex
File: pgflibraryshapes.misc.code.tex 2021/05/15 v3.1.9a (3.1.9a)
))
(/usr/share/texlive/texmf-dist/tex/generic/pgf/frontendlayer/tikz/libraries/tik
zlibrarypositioning.code.tex
File: tikzlibrarypositioning.code.tex 2021/05/15 v3.1.9a (3.1.9a)
)
(/usr/share/texlive/texmf-dist/tex/generic/pgf/frontendlayer/tikz/libraries/tik
zlibraryshapes.code.tex
File: tikzlibraryshapes.code.tex 2021/05/15 v3.1.9a (3.1.9a)

(/usr/share/texlive/texmf-dist/tex/generic/pgf/frontendlayer/tikz/libraries/tik
zlibraryshapes.geometric.code.tex
File: tikzlibraryshapes.geometric.code.tex 2021/05/15 v3.1.9a (3.1.9a)

(/usr/share/texlive/texmf-dist/tex/generic/pgf/libraries/shapes/pgflibraryshape
s.geometric.code.tex
File: pgflibraryshapes.geometric.code.tex 2021/05/15 v3.1.9a (3.1.9a)
))
(/usr/share/texlive/texmf-dist/tex/generic/pgf/frontendlayer/tikz/libraries/tik
zlibraryshapes.symbols.code.tex
File: tikzlibraryshapes.symbols.code.tex 2021/05/15 v3.1.9a (3.1.9a)

(/usr/share/texlive/texmf-dist/tex/generic/pgf/libraries/shapes/pgflibraryshape
s.symbols.code.tex
File: pgflibraryshapes.symbols.code.tex 2021/05/15 v3.1.9a (3.1.9a)
))
(/usr/share/texlive/texmf-dist/tex/generic/pgf/frontendlayer/tikz/libraries/tik
zlibraryshapes.arrows.code.tex
File: tikzlibraryshapes.arrows.code.tex 2021/05/15 v3.1.9a (3.1.9a)

(/usr/share/texlive/texmf-dist/tex/generic/pgf/libraries/shapes/pgflibraryshape
s.arrows.code.tex
File: pgflibraryshapes.arrows.code.tex 2021/05/15 v3.1.9a (3.1.9a)
))
(/usr/share/texlive/texmf-dist/tex/generic/pgf/frontendlayer/tikz/libraries/tik
zlibraryshapes.callouts.code.tex
(/usr/share/texlive/texmf-dist/tex/generic/pgf/libraries/shapes/pgflibraryshape
s.callouts.code.tex))
(/usr/share/texlive/texmf-dist/tex/generic/pgf/frontendlayer/tikz/libraries/tik
zlibraryshapes.multipart.code.tex
File: tikzlibraryshapes.multipart.code.tex 2021/05/15 v3.1.9a (3.1.9a)

(/usr/share/texlive/texmf-dist/tex/generic/pgf/libraries/shapes/pgflibraryshape
s.multipart.code.tex
File: pgflibraryshapes.multipart.code.tex 2021/05/15 v3.1.9a (3.1.9a)
\pgfnodepartlowerbox=\box81
\pgfnodeparttwobox=\box82
\pgfnodepartthreebox=\box83
\pgfnodepartfourbox=\box84
\pgfnodeparttwentybox=\box85
\pgfnodepartnineteenbox=\box86
\pgfnodeparteighteenbox=\box87
\pgfnodepartseventeenbox=\box88
\pgfnodepartsixteenbox=\box89
\pgfnodepartfifteenbox=\box90
\pgfnodepartfourteenbox=\box91
\pgfnodepartthirteenbox=\box92
\pgfnodeparttwelvebox=\box93
\pgfnodepartelevenbox=\box94
\pgfnodeparttenbox=\box95
\pgfnodepartninebox=\box96
\pgfnodeparteightbox=\box97
\pgfnodepartsevenbox=\box98
\pgfnodepartsixbox=\box99
\pgfnodepartfivebox=\box100
)))
(/usr/share/texlive/texmf-dist/tex/generic/pgf/frontendlayer/tikz/libraries/tik
zlibrarydecorations.code.tex
(/usr/share/texlive/texmf-dist/tex/generic/pgf/modules/pgfmoduledecorations.cod
e.tex
\pgfdecoratedcompleteddistance=\dimen308
\pgfdecoratedremainingdistance=\dimen309
\pgfdecoratedinputsegmentcompleteddistance=\dimen310
\pgfdecoratedinputsegmentremainingdistance=\dimen311
\pgf@decorate@distancetomove=\dimen312
\pgf@decorate@repeatstate=\count343
\pgfdecorationsegmentamplitude=\dimen313
\pgfdecorationsegmentlength=\dimen314
)
\tikz@lib@dec@box=\box101
)
(/usr/share/texlive/texmf-dist/tex/generic/pgf/frontendlayer/tikz/libraries/tik
zlibraryshadows.code.tex
File: tikzlibraryshadows.code.tex 2021/05/15 v3.1.9a (3.1.9a)

(/usr/share/texlive/texmf-dist/tex/generic/pgf/frontendlayer/tikz/libraries/tik
zlibraryfadings.code.tex
File: tikzlibraryfadings.code.tex 2021/05/15 v3.1.9a (3.1.9a)

(/usr/share/texlive/texmf-dist/tex/generic/pgf/libraries/pgflibraryfadings.code
.tex
File: pgflibraryfadings.code.tex 2021/05/15 v3.1.9a (3.1.9a)
)))
(/usr/share/texlive/texmf-dist/tex/generic/pgf/frontendlayer/tikz/libraries/tik
zlibrarycalc.code.tex
File: tikzlibrarycalc.code.tex 2021/05/15 v3.1.9a (3.1.9a)
)
(/usr/share/texlive/texmf-dist/tex/generic/pgf/frontendlayer/tikz/libraries/tik
zlibrarydecorations.pathmorphing.code.tex
(/usr/share/texlive/texmf-dist/tex/generic/pgf/libraries/decorations/pgflibrary
decorations.pathmorphing.code.tex))
(/usr/share/texlive/texmf-dist/tex/generic/pgf/frontendlayer/tikz/libraries/tik
zlibrarydecorations.markings.code.tex
(/usr/share/texlive/texmf-dist/tex/generic/pgf/libraries/decorations/pgflibrary
decorations.markings.code.tex))
(/usr/share/texlive/texmf-dist/tex/generic/pgf/frontendlayer/tikz/libraries/tik
zlibrarydecorations.pathreplacing.code.tex
(/usr/share/texlive/texmf-dist/tex/generic/pgf/libraries/decorations/pgflibrary
decorations.pathreplacing.code.tex))
(/usr/share/texlive/texmf-dist/tex/generic/pgf/frontendlayer/tikz/libraries/tik
zlibrarytrees.code.tex
File: tikzlibrarytrees.code.tex 2021/05/15 v3.1.9a (3.1.9a)
)
(/usr/share/texlive/texmf-dist/tex/generic/pgf/frontendlayer/tikz/libraries/tik
zlibrarybackgrounds.code.tex
File: tikzlibrarybackgrounds.code.tex 2021/05/15 v3.1.9a (3.1.9a)
\pgf@layerbox@background=\box102
\pgf@layerboxsaved@background=\box103
)
(/usr/share/texlive/texmf-dist/tex/latex/tools/xspace.sty
Package: xspace 2014/10/28 v1.13 Space after command names (DPC,MH)
)
(/usr/share/texlive/texmf-dist/tex/latex/booktabs/booktabs.sty
Package: booktabs 2020/01/12 v1.61803398 Publication quality tables
\heavyrulewidth=\dimen315
\lightrulewidth=\dimen316
\cmidrulewidth=\dimen317
\belowrulesep=\dimen318
\belowbottomsep=\dimen319
\aboverulesep=\dimen320
\abovetopsep=\dimen321
\cmidrulesep=\dimen322
\cmidrulekern=\dimen323
\defaultaddspace=\dimen324
\@cmidla=\count344
\@cmidlb=\count345
\@aboverulesep=\dimen325
\@belowrulesep=\dimen326
\@thisruleclass=\count346
\@lastruleclass=\count347
\@thisrulewidth=\dimen327
)
(/usr/share/texlive/texmf-dist/tex/latex/siunitx/siunitx.sty
Package: siunitx 2022-12-05 v3.1.11 A comprehensive (SI) units package
\l__siunitx_angle_tmp_dim=\dimen328
\l__siunitx_angle_marker_box=\box104
\l__siunitx_angle_unit_box=\box105
\l__siunitx_compound_count_int=\count348

(/usr/share/texlive/texmf-dist/tex/latex/translations/translations.sty
Package: translations 2022/02/05 v1.12 internationalization of LaTeX2e packages
 (CN)
)
\l__siunitx_number_exponent_fixed_int=\count349
\l__siunitx_number_min_decimal_int=\count350
\l__siunitx_number_min_integer_int=\count351
\l__siunitx_number_round_precision_int=\count352
\l__siunitx_number_group_first_int=\count353
\l__siunitx_number_group_size_int=\count354
\l__siunitx_number_group_minimum_int=\count355
\l__siunitx_table_tmp_box=\box106
\l__siunitx_table_tmp_dim=\dimen329
\l__siunitx_table_column_width_dim=\dimen330
\l__siunitx_table_integer_box=\box107
\l__siunitx_table_decimal_box=\box108
\l__siunitx_table_before_box=\box109
\l__siunitx_table_after_box=\box110
\l__siunitx_table_before_dim=\dimen331
\l__siunitx_table_carry_dim=\dimen332
\l__siunitx_unit_tmp_int=\count356
\l__siunitx_unit_position_int=\count357
\l__siunitx_unit_total_int=\count358

Package siunitx Info: Option "scientific-notation = true" has been deprecated
(siunitx)             in this release.
(siunitx)             
(siunitx)             Use "exponent-mode = scientific" as a replacement.


(/usr/share/texlive/texmf-dist/tex/latex/tools/array.sty
Package: array 2022/09/04 v2.5g Tabular extension package (FMi)
\col@sep=\dimen333
\ar@mcellbox=\box111
\extrarowheight=\dimen334
\NC@list=\toks47
\extratabsurround=\skip64
\backup@length=\skip65
\ar@cellbox=\box112
))
(/usr/share/texlive/texmf-dist/tex/latex/colortbl/colortbl.sty
Package: colortbl 2022/06/20 v1.0f Color table columns (DPC)
\everycr=\toks48
\minrowclearance=\skip66
\rownum=\count359
)
(/usr/share/texlive/texmf-dist/tex/latex/bbding/bbding.sty
Package: bbding 1999/04/15 v1.01 Dingbats symbols
)
(/usr/share/texlive/texmf-dist/tex/latex/mnsymbol/MnSymbol.sty
Package: MnSymbol 2007/01/21 v1.4 support for the MnSymbol font

(/usr/share/texlive/texmf-dist/tex/latex/base/textcomp.sty
Package: textcomp 2020/02/02 v2.0n Standard LaTeX package
)
LaTeX Info: Redefining \dagger on input line 84.
LaTeX Info: Redefining \ddagger on input line 84.
LaTeX Info: Redefining \mathparagraph on input line 84.
LaTeX Info: Redefining \mathsection on input line 84.
LaTeX Info: Redefining \mathdollar on input line 84.
LaTeX Info: Redefining \mathsterling on input line 84.
LaTeX Info: Redefining \yen on input line 84.
LaTeX Info: Redefining \circledR on input line 84.
LaTeX Info: Redefining \circledS on input line 84.
LaTeX Info: Redefining \Re on input line 84.
LaTeX Info: Redefining \Im on input line 84.
LaTeX Info: Redefining \dotplus on input line 84.
LaTeX Info: Redefining \thicksim on input line 84.
LaTeX Info: Redefining \thickapprox on input line 84.
LaTeX Info: Redefining \veebar on input line 84.
LaTeX Info: Redefining \barwedge on input line 84.
LaTeX Info: Redefining \doublebarwedge on input line 84.
LaTeX Info: Redefining \centerdot on input line 84.
LaTeX Info: Redefining \divideontimes on input line 84.
\symMnSyA=\mathgroup6
\symMnSyB=\mathgroup7
\symMnSyC=\mathgroup8
\symMnSyD=\mathgroup9
LaTeX Font Info:    Redeclaring symbol font `largesymbols' on input line 119.
LaTeX Font Info:    Overwriting symbol font `largesymbols' in version `normal'
(Font)                  OMX/cmex/m/n --> OMX/MnSymbolE/m/n on input line 119.
LaTeX Font Info:    Overwriting symbol font `largesymbols' in version `bold'
(Font)                  OMX/cmex/m/n --> OMX/MnSymbolE/m/n on input line 119.
LaTeX Font Info:    Redeclaring symbol font `symbols' on input line 120.
LaTeX Font Info:    Encoding `OMS' has changed to `U' for symbol font
(Font)              `symbols' in the math version `normal' on input line 120.
LaTeX Font Info:    Overwriting symbol font `symbols' in version `normal'
(Font)                  OMS/cmsy/m/n --> U/MnSymbolF/m/n on input line 120.
LaTeX Font Info:    Encoding `OMS' has changed to `U' for symbol font
(Font)              `symbols' in the math version `bold' on input line 120.
LaTeX Font Info:    Overwriting symbol font `symbols' in version `bold'
(Font)                  OMS/cmsy/b/n --> U/MnSymbolF/m/n on input line 120.
LaTeX Font Info:    Overwriting symbol font `MnSyA' in version `bold'
(Font)                  U/MnSymbolA/m/n --> U/MnSymbolA/b/n on input line 121.
LaTeX Font Info:    Overwriting symbol font `MnSyB' in version `bold'
(Font)                  U/MnSymbolB/m/n --> U/MnSymbolB/b/n on input line 122.
LaTeX Font Info:    Overwriting symbol font `MnSyC' in version `bold'
(Font)                  U/MnSymbolC/m/n --> U/MnSymbolC/b/n on input line 123.
LaTeX Font Info:    Overwriting symbol font `MnSyD' in version `bold'
(Font)                  U/MnSymbolD/m/n --> U/MnSymbolD/b/n on input line 124.
LaTeX Font Info:    Overwriting symbol font `largesymbols' in version `bold'
(Font)                  OMX/MnSymbolE/m/n --> OMX/MnSymbolE/b/n on input line 1
25.
LaTeX Font Info:    Overwriting symbol font `symbols' in version `bold'
(Font)                  U/MnSymbolF/m/n --> U/MnSymbolF/b/n on input line 126.
LaTeX Font Info:    Redeclaring math alphabet \mathcal on input line 241.
LaTeX Font Info:    Overwriting math alphabet `\mathcal' in version `bold'
(Font)                  OMS/MnSymbolS/m/n --> OMS/MnSymbolS/b/n on input line 2
41.
LaTeX Info: Redefining \longrightarrow on input line 548.
LaTeX Info: Redefining \longleftarrow on input line 549.
LaTeX Info: Redefining \longleftrightarrow on input line 550.
LaTeX Info: Redefining \Longrightarrow on input line 551.
LaTeX Info: Redefining \Longleftarrow on input line 552.
LaTeX Info: Redefining \Longleftrightarrow on input line 553.
LaTeX Info: Redefining \longmapsto on input line 554.
LaTeX Info: Redefining \vdots on input line 868.
LaTeX Font Info:    Redeclaring math symbol \braceld on input line 1721.
LaTeX Font Info:    Redeclaring math symbol \bracelu on input line 1722.
LaTeX Font Info:    Redeclaring math symbol \bracerd on input line 1723.
LaTeX Font Info:    Redeclaring math symbol \braceru on input line 1724.
LaTeX Info: Redefining \downbracefill on input line 1799.
LaTeX Info: Redefining \upbracefill on input line 1800.
LaTeX Info: Redefining \overbrace on input line 1819.
LaTeX Info: Redefining \underbrace on input line 1820.
LaTeX Info: Redefining \surd on input line 1843.
LaTeX Font Info:    Redeclaring math accent \widehat on input line 1845.
LaTeX Font Info:    Redeclaring math accent \widetilde on input line 1846.
LaTeX Font Info:    Redeclaring math accent \vec on input line 1848.
)
(/usr/share/texlive/texmf-dist/tex/latex/base/ifthen.sty
Package: ifthen 2022/04/13 v1.1d Standard LaTeX ifthen package (DPC)
))
Package translations Info: No language package found. I am going to use `englis
h' as default language. on input line 43.

(/usr/share/texlive/texmf-dist/tex/latex/l3backend/l3backend-pdftex.def
File: l3backend-pdftex.def 2022-10-26 L3 backend support: PDF output (pdfTeX)
\l__color_backend_stack_int=\count360
\l__pdf_internal_box=\box113
)
(./slides.aux)
\openout1 = `slides.aux'.

LaTeX Font Info:    Checking defaults for OML/cmm/m/it on input line 43.
LaTeX Font Info:    ... okay on input line 43.
LaTeX Font Info:    Checking defaults for OMS/cmsy/m/n on input line 43.
LaTeX Font Info:    ... okay on input line 43.
LaTeX Font Info:    Checking defaults for OT1/cmr/m/n on input line 43.
LaTeX Font Info:    ... okay on input line 43.
LaTeX Font Info:    Checking defaults for T1/cmr/m/n on input line 43.
LaTeX Font Info:    ... okay on input line 43.
LaTeX Font Info:    Checking defaults for TS1/cmr/m/n on input line 43.
LaTeX Font Info:    ... okay on input line 43.
LaTeX Font Info:    Checking defaults for OMX/cmex/m/n on input line 43.
LaTeX Font Info:    ... okay on input line 43.
LaTeX Font Info:    Checking defaults for U/cmr/m/n on input line 43.
LaTeX Font Info:    ... okay on input line 43.
LaTeX Font Info:    Checking defaults for PD1/pdf/m/n on input line 43.
LaTeX Font Info:    ... okay on input line 43.
LaTeX Font Info:    Checking defaults for PU/pdf/m/n on input line 43.
LaTeX Font Info:    ... okay on input line 43.

*geometry* driver: auto-detecting
*geometry* detected driver: pdftex
*geometry* verbose mode - [ preamble ] result:
* driver: pdftex
* paper: custom
* layout: <same size as paper>
* layoutoffset:(h,v)=(0.0pt,0.0pt)
* modes: includehead includefoot 
* h-part:(L,W,R)=(28.45274pt, 307.28987pt, 28.45274pt)
* v-part:(T,H,B)=(0.0pt, 273.14662pt, 0.0pt)
* \paperwidth=364.19536pt
* \paperheight=273.14662pt
* \textwidth=307.28987pt
* \textheight=244.6939pt
* \oddsidemargin=-43.81725pt
* \evensidemargin=-43.81725pt
* \topmargin=-72.26999pt
* \headheight=14.22636pt
* \headsep=0.0pt
* \topskip=10.0pt
* \footskip=14.22636pt
* \marginparwidth=3.0pt
* \marginparsep=11.0pt
* \columnsep=10.0pt
* \skip\footins=9.0pt plus 4.0pt minus 2.0pt
* \hoffset=0.0pt
* \voffset=0.0pt
* \mag=1000
* \@twocolumnfalse
* \@twosidefalse
* \@mparswitchfalse
* \@reversemarginfalse
* (1in=72.27pt=25.4mm, 1cm=28.453pt)

(/usr/share/texlive/texmf-dist/tex/context/base/mkii/supp-pdf.mkii
[Loading MPS to PDF converter (version 2006.09.02).]
\scratchcounter=\count361
\scratchdimen=\dimen335
\scratchbox=\box114
\nofMPsegments=\count362
\nofMParguments=\count363
\everyMPshowfont=\toks49
\MPscratchCnt=\count364
\MPscratchDim=\dimen336
\MPnumerator=\count365
\makeMPintoPDFobject=\count366
\everyMPtoPDFconversion=\toks50
) (/usr/share/texlive/texmf-dist/tex/latex/epstopdf-pkg/epstopdf-base.sty
Package: epstopdf-base 2020-01-24 v2.11 Base part for package epstopdf
Package epstopdf-base Info: Redefining graphics rule for `.eps' on input line 4
85.

(/usr/share/texlive/texmf-dist/tex/latex/latexconfig/epstopdf-sys.cfg
File: epstopdf-sys.cfg 2010/07/13 v1.3 Configuration of (r)epstopdf for TeX Liv
e
))
Package hyperref Info: Link coloring OFF on input line 43.

(./slides.out) (./slides.out)
\@outlinefile=\write5
\openout5 = `slides.out'.

LaTeX Font Info:    Overwriting symbol font `operators' in version `normal'
(Font)                  OT1/cmr/m/n --> OT1/cmss/m/n on input line 43.
LaTeX Font Info:    Overwriting symbol font `operators' in version `bold'
(Font)                  OT1/cmr/bx/n --> OT1/cmss/b/n on input line 43.
\symnumbers=\mathgroup10
\sympureletters=\mathgroup11
LaTeX Font Info:    Overwriting math alphabet `\mathrm' in version `normal'
(Font)                  OT1/cmss/m/n --> OT1/cmr/m/n on input line 43.
LaTeX Font Info:    Redeclaring math alphabet \mathbf on input line 43.
LaTeX Font Info:    Overwriting math alphabet `\mathbf' in version `normal'
(Font)                  OT1/cmr/bx/n --> OT1/cmss/b/n on input line 43.
LaTeX Font Info:    Overwriting math alphabet `\mathbf' in version `bold'
(Font)                  OT1/cmr/bx/n --> OT1/cmss/b/n on input line 43.
LaTeX Font Info:    Redeclaring math alphabet \mathsf on input line 43.
LaTeX Font Info:    Overwriting math alphabet `\mathsf' in version `normal'
(Font)                  OT1/cmss/m/n --> OT1/cmss/m/n on input line 43.
LaTeX Font Info:    Overwriting math alphabet `\mathsf' in version `bold'
(Font)                  OT1/cmss/bx/n --> OT1/cmss/m/n on input line 43.
LaTeX Font Info:    Redeclaring math alphabet \mathit on input line 43.
LaTeX Font Info:    Overwriting math alphabet `\mathit' in version `normal'
(Font)                  OT1/cmr/m/it --> OT1/cmss/m/it on input line 43.
LaTeX Font Info:    Overwriting math alphabet `\mathit' in version `bold'
(Font)                  OT1/cmr/bx/it --> OT1/cmss/m/it on input line 43.
LaTeX Font Info:    Redeclaring math alphabet \mathtt on input line 43.
LaTeX Font Info:    Overwriting math alphabet `\mathtt' in version `normal'
(Font)                  OT1/cmtt/m/n --> OT1/cmtt/m/n on input line 43.
LaTeX Font Info:    Overwriting math alphabet `\mathtt' in version `bold'
(Font)                  OT1/cmtt/m/n --> OT1/cmtt/m/n on input line 43.
LaTeX Font Info:    Overwriting symbol font `numbers' in version `bold'
(Font)                  OT1/cmss/m/n --> OT1/cmss/b/n on input line 43.
LaTeX Font Info:    Overwriting symbol font `pureletters' in version `bold'
(Font)                  OT1/cmss/m/it --> OT1/cmss/b/it on input line 43.
LaTeX Font Info:    Overwriting math alphabet `\mathrm' in version `bold'
(Font)                  OT1/cmss/b/n --> OT1/cmr/b/n on input line 43.
LaTeX Font Info:    Overwriting math alphabet `\mathbf' in version `bold'
(Font)                  OT1/cmss/b/n --> OT1/cmss/b/n on input line 43.
LaTeX Font Info:    Overwriting math alphabet `\mathsf' in version `bold'
(Font)                  OT1/cmss/m/n --> OT1/cmss/b/n on input line 43.
LaTeX Font Info:    Overwriting math alphabet `\mathit' in version `bold'
(Font)                  OT1/cmss/m/it --> OT1/cmss/b/it on input line 43.
LaTeX Font Info:    Overwriting math alphabet `\mathtt' in version `bold'
(Font)                  OT1/cmtt/m/n --> OT1/cmtt/b/n on input line 43.
LaTeX Font Info:    Redeclaring symbol font `pureletters' on input line 43.
LaTeX Font Info:    Overwriting symbol font `pureletters' in version `normal'
(Font)                  OT1/cmss/m/it --> OT1/mathkerncmss/m/sl on input line 4
3.
LaTeX Font Info:    Overwriting symbol font `pureletters' in version `bold'
(Font)                  OT1/cmss/b/it --> OT1/mathkerncmss/m/sl on input line 4
3.
LaTeX Font Info:    Overwriting symbol font `pureletters' in version `bold'
(Font)                  OT1/mathkerncmss/m/sl --> OT1/mathkerncmss/bx/sl on inp
ut line 43.

(/usr/share/texlive/texmf-dist/tex/latex/translator/translator-basic-dictionary
-English.dict
Dictionary: translator-basic-dictionary, Language: English 
)
(/usr/share/texlive/texmf-dist/tex/latex/translator/translator-bibliography-dic
tionary-English.dict
Dictionary: translator-bibliography-dictionary, Language: English 
)
(/usr/share/texlive/texmf-dist/tex/latex/translator/translator-environment-dict
ionary-English.dict
Dictionary: translator-environment-dictionary, Language: English 
)
(/usr/share/texlive/texmf-dist/tex/latex/translator/translator-months-dictionar
y-English.dict
Dictionary: translator-months-dictionary, Language: English 
)
(/usr/share/texlive/texmf-dist/tex/latex/translator/translator-numbers-dictiona
ry-English.dict
Dictionary: translator-numbers-dictionary, Language: English 
)
(/usr/share/texlive/texmf-dist/tex/latex/translator/translator-theorem-dictiona
ry-English.dict
Dictionary: translator-theorem-dictionary, Language: English 
)
(/usr/share/texlive/texmf-dist/tex/latex/translations/translations-basic-dictio
nary-english.trsl
File: translations-basic-dictionary-english.trsl (english translation file `tra
nslations-basic-dictionary')
)
Package translations Info: loading dictionary `translations-basic-dictionary' f
or `english'. on input line 43.
 (./slides.nav) [1{/var/lib/texmf/fonts/map/pdftex/updmap/pdftex.map

pdfTeX warning: pdflatex (file /var/lib/texmf/fonts/map/pdftex/updmap/pdftex.ma
p): invalid entry for `PTMono-BoldSlanted-tlf-il2': SlantFont/ExtendFont can be
 used only with embedded Type1 fonts


pdfTeX warning: pdflatex (file /var/lib/texmf/fonts/map/pdftex/updmap/pdftex.ma
p): invalid entry for `PTMono-BoldSlanted-tlf-ot1': SlantFont/ExtendFont can be
 used only with embedded Type1 fonts


pdfTeX warning: pdflatex (file /var/lib/texmf/fonts/map/pdftex/updmap/pdftex.ma
p): invalid entry for `PTMono-BoldSlanted-tlf-ot2': SlantFont/ExtendFont can be
 used only with embedded Type1 fonts


pdfTeX warning: pdflatex (file /var/lib/texmf/fonts/map/pdftex/updmap/pdftex.ma
p): invalid entry for `PTMono-BoldSlanted-tlf-t1--base': SlantFont/ExtendFont c
an be used only with embedded Type1 fonts


pdfTeX warning: pdflatex (file /var/lib/texmf/fonts/map/pdftex/updmap/pdftex.ma
p): invalid entry for `PTMono-BoldSlanted-tlf-t2a--base': SlantFont/ExtendFont 
can be used only with embedded Type1 fonts


pdfTeX warning: pdflatex (file /var/lib/texmf/fonts/map/pdftex/updmap/pdftex.ma
p): invalid entry for `PTMono-BoldSlanted-tlf-t2b--base': SlantFont/ExtendFont 
can be used only with embedded Type1 fonts


pdfTeX warning: pdflatex (file /var/lib/texmf/fonts/map/pdftex/updmap/pdftex.ma
p): invalid entry for `PTMono-BoldSlanted-tlf-t2c--base': SlantFont/ExtendFont 
can be used only with embedded Type1 fonts


pdfTeX warning: pdflatex (file /var/lib/texmf/fonts/map/pdftex/updmap/pdftex.ma
p): invalid entry for `PTMono-BoldSlanted-tlf-ts1--base': SlantFont/ExtendFont 
can be used only with embedded Type1 fonts


pdfTeX warning: pdflatex (file /var/lib/texmf/fonts/map/pdftex/updmap/pdftex.ma
p): invalid entry for `PTMono-BoldSlanted-tlf-x2--base': SlantFont/ExtendFont c
an be used only with embedded Type1 fonts


pdfTeX warning: pdflatex (file /var/lib/texmf/fonts/map/pdftex/updmap/pdftex.ma
p): invalid entry for `PTMono-Slanted-tlf-il2': SlantFont/ExtendFont can be use
d only with embedded Type1 fonts


pdfTeX warning: pdflatex (file /var/lib/texmf/fonts/map/pdftex/updmap/pdftex.ma
p): invalid entry for `PTMono-Slanted-tlf-ot1': SlantFont/ExtendFont can be use
d only with embedded Type1 fonts


pdfTeX warning: pdflatex (file /var/lib/texmf/fonts/map/pdftex/updmap/pdftex.ma
p): invalid entry for `PTMono-Slanted-tlf-ot2': SlantFont/ExtendFont can be use
d only with embedded Type1 fonts


pdfTeX warning: pdflatex (file /var/lib/texmf/fonts/map/pdftex/updmap/pdftex.ma
p): invalid entry for `PTMono-Slanted-tlf-t1--base': SlantFont/ExtendFont can b
e used only with embedded Type1 fonts


pdfTeX warning: pdflatex (file /var/lib/texmf/fonts/map/pdftex/updmap/pdftex.ma
p): invalid entry for `PTMono-Slanted-tlf-t2a--base': SlantFont/ExtendFont can 
be used only with embedded Type1 fonts


pdfTeX warning: pdflatex (file /var/lib/texmf/fonts/map/pdftex/updmap/pdftex.ma
p): invalid entry for `PTMono-Slanted-tlf-t2b--base': SlantFont/ExtendFont can 
be used only with embedded Type1 fonts


pdfTeX warning: pdflatex (file /var/lib/texmf/fonts/map/pdftex/updmap/pdftex.ma
p): invalid entry for `PTMono-Slanted-tlf-t2c--base': SlantFont/ExtendFont can 
be used only with embedded Type1 fonts


pdfTeX warning: pdflatex (file /var/lib/texmf/fonts/map/pdftex/updmap/pdftex.ma
p): invalid entry for `PTMono-Slanted-tlf-ts1--base': SlantFont/ExtendFont can 
be used only with embedded Type1 fonts


pdfTeX warning: pdflatex (file /var/lib/texmf/fonts/map/pdftex/updmap/pdftex.ma
p): invalid entry for `PTMono-Slanted-tlf-x2--base': SlantFont/ExtendFont can b
e used only with embedded Type1 fonts


pdfTeX warning: pdflatex (file /var/lib/texmf/fonts/map/pdftex/updmap/pdftex.ma
p): invalid entry for `PTSans-CaptionBoldSlanted-tlf-il2': SlantFont/ExtendFont
 can be used only with embedded Type1 fonts


pdfTeX warning: pdflatex (file /var/lib/texmf/fonts/map/pdftex/updmap/pdftex.ma
p): invalid entry for `PTSans-CaptionBoldSlanted-tlf-ot1': SlantFont/ExtendFont
 can be used only with embedded Type1 fonts


pdfTeX warning: pdflatex (file /var/lib/texmf/fonts/map/pdftex/updmap/pdftex.ma
p): invalid entry for `PTSans-CaptionBoldSlanted-tlf-ot2': SlantFont/ExtendFont
 can be used only with embedded Type1 fonts


pdfTeX warning: pdflatex (file /var/lib/texmf/fonts/map/pdftex/updmap/pdftex.ma
p): invalid entry for `PTSans-CaptionBoldSlanted-tlf-t1--base': SlantFont/Exten
dFont can be used only with embedded Type1 fonts


pdfTeX warning: pdflatex (file /var/lib/texmf/fonts/map/pdftex/updmap/pdftex.ma
p): invalid entry for `PTSans-CaptionBoldSlanted-tlf-t2a--base': SlantFont/Exte
ndFont can be used only with embedded Type1 fonts


pdfTeX warning: pdflatex (file /var/lib/texmf/fonts/map/pdftex/updmap/pdftex.ma
p): invalid entry for `PTSans-CaptionBoldSlanted-tlf-t2b--base': SlantFont/Exte
ndFont can be used only with embedded Type1 fonts


pdfTeX warning: pdflatex (file /var/lib/texmf/fonts/map/pdftex/updmap/pdftex.ma
p): invalid entry for `PTSans-CaptionBoldSlanted-tlf-t2c--base': SlantFont/Exte
ndFont can be used only with embedded Type1 fonts


pdfTeX warning: pdflatex (file /var/lib/texmf/fonts/map/pdftex/updmap/pdftex.ma
p): invalid entry for `PTSans-CaptionBoldSlanted-tlf-ts1--base': SlantFont/Exte
ndFont can be used only with embedded Type1 fonts


pdfTeX warning: pdflatex (file /var/lib/texmf/fonts/map/pdftex/updmap/pdftex.ma
p): invalid entry for `PTSans-CaptionBoldSlanted-tlf-x2--base': SlantFont/Exten
dFont can be used only with embedded Type1 fonts


pdfTeX warning: pdflatex (file /var/lib/texmf/fonts/map/pdftex/updmap/pdftex.ma
p): invalid entry for `PTSans-CaptionSlanted-tlf-il2': SlantFont/ExtendFont can
 be used only with embedded Type1 fonts


pdfTeX warning: pdflatex (file /var/lib/texmf/fonts/map/pdftex/updmap/pdftex.ma
p): invalid entry for `PTSans-CaptionSlanted-tlf-ot1': SlantFont/ExtendFont can
 be used only with embedded Type1 fonts


pdfTeX warning: pdflatex (file /var/lib/texmf/fonts/map/pdftex/updmap/pdftex.ma
p): invalid entry for `PTSans-CaptionSlanted-tlf-ot2': SlantFont/ExtendFont can
 be used only with embedded Type1 fonts


pdfTeX warning: pdflatex (file /var/lib/texmf/fonts/map/pdftex/updmap/pdftex.ma
p): invalid entry for `PTSans-CaptionSlanted-tlf-t1--base': SlantFont/ExtendFon
t can be used only with embedded Type1 fonts


pdfTeX warning: pdflatex (file /var/lib/texmf/fonts/map/pdftex/updmap/pdftex.ma
p): invalid entry for `PTSans-CaptionSlanted-tlf-t2a--base': SlantFont/ExtendFo
nt can be used only with embedded Type1 fonts


pdfTeX warning: pdflatex (file /var/lib/texmf/fonts/map/pdftex/updmap/pdftex.ma
p): invalid entry for `PTSans-CaptionSlanted-tlf-t2b--base': SlantFont/ExtendFo
nt can be used only with embedded Type1 fonts


pdfTeX warning: pdflatex (file /var/lib/texmf/fonts/map/pdftex/updmap/pdftex.ma
p): invalid entry for `PTSans-CaptionSlanted-tlf-t2c--base': SlantFont/ExtendFo
nt can be used only with embedded Type1 fonts


pdfTeX warning: pdflatex (file /var/lib/texmf/fonts/map/pdftex/updmap/pdftex.ma
p): invalid entry for `PTSans-CaptionSlanted-tlf-ts1--base': SlantFont/ExtendFo
nt can be used only with embedded Type1 fonts


pdfTeX warning: pdflatex (file /var/lib/texmf/fonts/map/pdftex/updmap/pdftex.ma
p): invalid entry for `PTSans-CaptionSlanted-tlf-x2--base': SlantFont/ExtendFon
t can be used only with embedded Type1 fonts


pdfTeX warning: pdflatex (file /var/lib/texmf/fonts/map/pdftex/updmap/pdftex.ma
p): invalid entry for `PTSans-NarrowBoldSlanted-tlf-il2': SlantFont/ExtendFont 
can be used only with embedded Type1 fonts


pdfTeX warning: pdflatex (file /var/lib/texmf/fonts/map/pdftex/updmap/pdftex.ma
p): invalid entry for `PTSans-NarrowBoldSlanted-tlf-ot1': SlantFont/ExtendFont 
can be used only with embedded Type1 fonts


pdfTeX warning: pdflatex (file /var/lib/texmf/fonts/map/pdftex/updmap/pdftex.ma
p): invalid entry for `PTSans-NarrowBoldSlanted-tlf-ot2': SlantFont/ExtendFont 
can be used only with embedded Type1 fonts


pdfTeX warning: pdflatex (file /var/lib/texmf/fonts/map/pdftex/updmap/pdftex.ma
p): invalid entry for `PTSans-NarrowBoldSlanted-tlf-t1--base': SlantFont/Extend
Font can be used only with embedded Type1 fonts


pdfTeX warning: pdflatex (file /var/lib/texmf/fonts/map/pdftex/updmap/pdftex.ma
p): invalid entry for `PTSans-NarrowBoldSlanted-tlf-t2a--base': SlantFont/Exten
dFont can be used only with embedded Type1 fonts


pdfTeX warning: pdflatex (file /var/lib/texmf/fonts/map/pdftex/updmap/pdftex.ma
p): invalid entry for `PTSans-NarrowBoldSlanted-tlf-t2b--base': SlantFont/Exten
dFont can be used only with embedded Type1 fonts


pdfTeX warning: pdflatex (file /var/lib/texmf/fonts/map/pdftex/updmap/pdftex.ma
p): invalid entry for `PTSans-NarrowBoldSlanted-tlf-t2c--base': SlantFont/Exten
dFont can be used only with embedded Type1 fonts


pdfTeX warning: pdflatex (file /var/lib/texmf/fonts/map/pdftex/updmap/pdftex.ma
p): invalid entry for `PTSans-NarrowBoldSlanted-tlf-ts1--base': SlantFont/Exten
dFont can be used only with embedded Type1 fonts


pdfTeX warning: pdflatex (file /var/lib/texmf/fonts/map/pdftex/updmap/pdftex.ma
p): invalid entry for `PTSans-NarrowBoldSlanted-tlf-x2--base': SlantFont/Extend
Font can be used only with embedded Type1 fonts


pdfTeX warning: pdflatex (file /var/lib/texmf/fonts/map/pdftex/updmap/pdftex.ma
p): invalid entry for `PTSans-NarrowSlanted-tlf-il2': SlantFont/ExtendFont can 
be used only with embedded Type1 fonts


pdfTeX warning: pdflatex (file /var/lib/texmf/fonts/map/pdftex/updmap/pdftex.ma
p): invalid entry for `PTSans-NarrowSlanted-tlf-ot1': SlantFont/ExtendFont can 
be used only with embedded Type1 fonts


pdfTeX warning: pdflatex (file /var/lib/texmf/fonts/map/pdftex/updmap/pdftex.ma
p): invalid entry for `PTSans-NarrowSlanted-tlf-ot2': SlantFont/ExtendFont can 
be used only with embedded Type1 fonts


pdfTeX warning: pdflatex (file /var/lib/texmf/fonts/map/pdftex/updmap/pdftex.ma
p): invalid entry for `PTSans-NarrowSlanted-tlf-t1--base': SlantFont/ExtendFont
 can be used only with embedded Type1 fonts


pdfTeX warning: pdflatex (file /var/lib/texmf/fonts/map/pdftex/updmap/pdftex.ma
p): invalid entry for `PTSans-NarrowSlanted-tlf-t2a--base': SlantFont/ExtendFon
t can be used only with embedded Type1 fonts


pdfTeX warning: pdflatex (file /var/lib/texmf/fonts/map/pdftex/updmap/pdftex.ma
p): invalid entry for `PTSans-NarrowSlanted-tlf-t2b--base': SlantFont/ExtendFon
t can be used only with embedded Type1 fonts


pdfTeX warning: pdflatex (file /var/lib/texmf/fonts/map/pdftex/updmap/pdftex.ma
p): invalid entry for `PTSans-NarrowSlanted-tlf-t2c--base': SlantFont/ExtendFon
t can be used only with embedded Type1 fonts


pdfTeX warning: pdflatex (file /var/lib/texmf/fonts/map/pdftex/updmap/pdftex.ma
p): invalid entry for `PTSans-NarrowSlanted-tlf-ts1--base': SlantFont/ExtendFon
t can be used only with embedded Type1 fonts


pdfTeX warning: pdflatex (file /var/lib/texmf/fonts/map/pdftex/updmap/pdftex.ma
p): invalid entry for `PTSans-NarrowSlanted-tlf-x2--base': SlantFont/ExtendFont
 can be used only with embedded Type1 fonts


pdfTeX warning: pdflatex (file /var/lib/texmf/fonts/map/pdftex/updmap/pdftex.ma
p): invalid entry for `PTSerif-BoldSlanted-tlf-il2': SlantFont/ExtendFont can b
e used only with embedded Type1 fonts


pdfTeX warning: pdflatex (file /var/lib/texmf/fonts/map/pdftex/updmap/pdftex.ma
p): invalid entry for `PTSerif-BoldSlanted-tlf-ot1': SlantFont/ExtendFont can b
e used only with embedded Type1 fonts


pdfTeX warning: pdflatex (file /var/lib/texmf/fonts/map/pdftex/updmap/pdftex.ma
p): invalid entry for `PTSerif-BoldSlanted-tlf-ot2': SlantFont/ExtendFont can b
e used only with embedded Type1 fonts


pdfTeX warning: pdflatex (file /var/lib/texmf/fonts/map/pdftex/updmap/pdftex.ma
p): invalid entry for `PTSerif-BoldSlanted-tlf-t1--base': SlantFont/ExtendFont 
can be used only with embedded Type1 fonts


pdfTeX warning: pdflatex (file /var/lib/texmf/fonts/map/pdftex/updmap/pdftex.ma
p): invalid entry for `PTSerif-BoldSlanted-tlf-t2a--base': SlantFont/ExtendFont
 can be used only with embedded Type1 fonts


pdfTeX warning: pdflatex (file /var/lib/texmf/fonts/map/pdftex/updmap/pdftex.ma
p): invalid entry for `PTSerif-BoldSlanted-tlf-t2b--base': SlantFont/ExtendFont
 can be used only with embedded Type1 fonts


pdfTeX warning: pdflatex (file /var/lib/texmf/fonts/map/pdftex/updmap/pdftex.ma
p): invalid entry for `PTSerif-BoldSlanted-tlf-t2c--base': SlantFont/ExtendFont
 can be used only with embedded Type1 fonts


pdfTeX warning: pdflatex (file /var/lib/texmf/fonts/map/pdftex/updmap/pdftex.ma
p): invalid entry for `PTSerif-BoldSlanted-tlf-ts1--base': SlantFont/ExtendFont
 can be used only with embedded Type1 fonts


pdfTeX warning: pdflatex (file /var/lib/texmf/fonts/map/pdftex/updmap/pdftex.ma
p): invalid entry for `PTSerif-BoldSlanted-tlf-x2--base': SlantFont/ExtendFont 
can be used only with embedded Type1 fonts


pdfTeX warning: pdflatex (file /var/lib/texmf/fonts/map/pdftex/updmap/pdftex.ma
p): invalid entry for `PTSerif-BoldUprightItalic-tlf-il2': SlantFont/ExtendFont
 can be used only with embedded Type1 fonts


pdfTeX warning: pdflatex (file /var/lib/texmf/fonts/map/pdftex/updmap/pdftex.ma
p): invalid entry for `PTSerif-BoldUprightItalic-tlf-ot1': SlantFont/ExtendFont
 can be used only with embedded Type1 fonts


pdfTeX warning: pdflatex (file /var/lib/texmf/fonts/map/pdftex/updmap/pdftex.ma
p): invalid entry for `PTSerif-BoldUprightItalic-tlf-t1--base': SlantFont/Exten
dFont can be used only with embedded Type1 fonts


pdfTeX warning: pdflatex (file /var/lib/texmf/fonts/map/pdftex/updmap/pdftex.ma
p): invalid entry for `PTSerif-BoldUprightItalic-tlf-t2a--base': SlantFont/Exte
ndFont can be used only with embedded Type1 fonts


pdfTeX warning: pdflatex (file /var/lib/texmf/fonts/map/pdftex/updmap/pdftex.ma
p): invalid entry for `PTSerif-BoldUprightItalic-tlf-t2b--base': SlantFont/Exte
ndFont can be used only with embedded Type1 fonts


pdfTeX warning: pdflatex (file /var/lib/texmf/fonts/map/pdftex/updmap/pdftex.ma
p): invalid entry for `PTSerif-BoldUprightItalic-tlf-t2c--base': SlantFont/Exte
ndFont can be used only with embedded Type1 fonts


pdfTeX warning: pdflatex (file /var/lib/texmf/fonts/map/pdftex/updmap/pdftex.ma
p): invalid entry for `PTSerif-BoldUprightItalic-tlf-ts1--base': SlantFont/Exte
ndFont can be used only with embedded Type1 fonts


pdfTeX warning: pdflatex (file /var/lib/texmf/fonts/map/pdftex/updmap/pdftex.ma
p): invalid entry for `PTSerif-BoldUprightItalic-tlf-x2--base': SlantFont/Exten
dFont can be used only with embedded Type1 fonts


pdfTeX warning: pdflatex (file /var/lib/texmf/fonts/map/pdftex/updmap/pdftex.ma
p): invalid entry for `PTSerif-CaptionSlanted-tlf-il2': SlantFont/ExtendFont ca
n be used only with embedded Type1 fonts


pdfTeX warning: pdflatex (file /var/lib/texmf/fonts/map/pdftex/updmap/pdftex.ma
p): invalid entry for `PTSerif-CaptionSlanted-tlf-ot1': SlantFont/ExtendFont ca
n be used only with embedded Type1 fonts


pdfTeX warning: pdflatex (file /var/lib/texmf/fonts/map/pdftex/updmap/pdftex.ma
p): invalid entry for `PTSerif-CaptionSlanted-tlf-ot2': SlantFont/ExtendFont ca
n be used only with embedded Type1 fonts


pdfTeX warning: pdflatex (file /var/lib/texmf/fonts/map/pdftex/updmap/pdftex.ma
p): invalid entry for `PTSerif-CaptionSlanted-tlf-t1--base': SlantFont/ExtendFo
nt can be used only with embedded Type1 fonts


pdfTeX warning: pdflatex (file /var/lib/texmf/fonts/map/pdftex/updmap/pdftex.ma
p): invalid entry for `PTSerif-CaptionSlanted-tlf-t2a--base': SlantFont/ExtendF
ont can be used only with embedded Type1 fonts


pdfTeX warning: pdflatex (file /var/lib/texmf/fonts/map/pdftex/updmap/pdftex.ma
p): invalid entry for `PTSerif-CaptionSlanted-tlf-t2b--base': SlantFont/ExtendF
ont can be used only with embedded Type1 fonts


pdfTeX warning: pdflatex (file /var/lib/texmf/fonts/map/pdftex/updmap/pdftex.ma
p): invalid entry for `PTSerif-CaptionSlanted-tlf-t2c--base': SlantFont/ExtendF
ont can be used only with embedded Type1 fonts


pdfTeX warning: pdflatex (file /var/lib/texmf/fonts/map/pdftex/updmap/pdftex.ma
p): invalid entry for `PTSerif-CaptionSlanted-tlf-ts1--base': SlantFont/ExtendF
ont can be used only with embedded Type1 fonts


pdfTeX warning: pdflatex (file /var/lib/texmf/fonts/map/pdftex/updmap/pdftex.ma
p): invalid entry for `PTSerif-CaptionSlanted-tlf-x2--base': SlantFont/ExtendFo
nt can be used only with embedded Type1 fonts


pdfTeX warning: pdflatex (file /var/lib/texmf/fonts/map/pdftex/updmap/pdftex.ma
p): invalid entry for `PTSerif-CaptionUprightItalic-tlf-il2': SlantFont/ExtendF
ont can be used only with embedded Type1 fonts


pdfTeX warning: pdflatex (file /var/lib/texmf/fonts/map/pdftex/updmap/pdftex.ma
p): invalid entry for `PTSerif-CaptionUprightItalic-tlf-ot1': SlantFont/ExtendF
ont can be used only with embedded Type1 fonts


pdfTeX warning: pdflatex (file /var/lib/texmf/fonts/map/pdftex/updmap/pdftex.ma
p): invalid entry for `PTSerif-CaptionUprightItalic-tlf-t1--base': SlantFont/Ex
tendFont can be used only with embedded Type1 fonts


pdfTeX warning: pdflatex (file /var/lib/texmf/fonts/map/pdftex/updmap/pdftex.ma
p): invalid entry for `PTSerif-CaptionUprightItalic-tlf-t2a--base': SlantFont/E
xtendFont can be used only with embedded Type1 fonts


pdfTeX warning: pdflatex (file /var/lib/texmf/fonts/map/pdftex/updmap/pdftex.ma
p): invalid entry for `PTSerif-CaptionUprightItalic-tlf-t2b--base': SlantFont/E
xtendFont can be used only with embedded Type1 fonts


pdfTeX warning: pdflatex (file /var/lib/texmf/fonts/map/pdftex/updmap/pdftex.ma
p): invalid entry for `PTSerif-CaptionUprightItalic-tlf-t2c--base': SlantFont/E
xtendFont can be used only with embedded Type1 fonts


pdfTeX warning: pdflatex (file /var/lib/texmf/fonts/map/pdftex/updmap/pdftex.ma
p): invalid entry for `PTSerif-CaptionUprightItalic-tlf-ts1--base': SlantFont/E
xtendFont can be used only with embedded Type1 fonts


pdfTeX warning: pdflatex (file /var/lib/texmf/fonts/map/pdftex/updmap/pdftex.ma
p): invalid entry for `PTSerif-CaptionUprightItalic-tlf-x2--base': SlantFont/Ex
tendFont can be used only with embedded Type1 fonts


pdfTeX warning: pdflatex (file /var/lib/texmf/fonts/map/pdftex/updmap/pdftex.ma
p): invalid entry for `PTSerif-Slanted-tlf-il2': SlantFont/ExtendFont can be us
ed only with embedded Type1 fonts


pdfTeX warning: pdflatex (file /var/lib/texmf/fonts/map/pdftex/updmap/pdftex.ma
p): invalid entry for `PTSerif-Slanted-tlf-ot1': SlantFont/ExtendFont can be us
ed only with embedded Type1 fonts


pdfTeX warning: pdflatex (file /var/lib/texmf/fonts/map/pdftex/updmap/pdftex.ma
p): invalid entry for `PTSerif-Slanted-tlf-ot2': SlantFont/ExtendFont can be us
ed only with embedded Type1 fonts


pdfTeX warning: pdflatex (file /var/lib/texmf/fonts/map/pdftex/updmap/pdftex.ma
p): invalid entry for `PTSerif-Slanted-tlf-t1--base': SlantFont/ExtendFont can 
be used only with embedded Type1 fonts


pdfTeX warning: pdflatex (file /var/lib/texmf/fonts/map/pdftex/updmap/pdftex.ma
p): invalid entry for `PTSerif-Slanted-tlf-t2a--base': SlantFont/ExtendFont can
 be used only with embedded Type1 fonts


pdfTeX warning: pdflatex (file /var/lib/texmf/fonts/map/pdftex/updmap/pdftex.ma
p): invalid entry for `PTSerif-Slanted-tlf-t2b--base': SlantFont/ExtendFont can
 be used only with embedded Type1 fonts


pdfTeX warning: pdflatex (file /var/lib/texmf/fonts/map/pdftex/updmap/pdftex.ma
p): invalid entry for `PTSerif-Slanted-tlf-t2c--base': SlantFont/ExtendFont can
 be used only with embedded Type1 fonts


pdfTeX warning: pdflatex (file /var/lib/texmf/fonts/map/pdftex/updmap/pdftex.ma
p): invalid entry for `PTSerif-Slanted-tlf-ts1--base': SlantFont/ExtendFont can
 be used only with embedded Type1 fonts


pdfTeX warning: pdflatex (file /var/lib/texmf/fonts/map/pdftex/updmap/pdftex.ma
p): invalid entry for `PTSerif-Slanted-tlf-x2--base': SlantFont/ExtendFont can 
be used only with embedded Type1 fonts


pdfTeX warning: pdflatex (file /var/lib/texmf/fonts/map/pdftex/updmap/pdftex.ma
p): invalid entry for `PTSerif-UprightItalic-tlf-il2': SlantFont/ExtendFont can
 be used only with embedded Type1 fonts


pdfTeX warning: pdflatex (file /var/lib/texmf/fonts/map/pdftex/updmap/pdftex.ma
p): invalid entry for `PTSerif-UprightItalic-tlf-ot1': SlantFont/ExtendFont can
 be used only with embedded Type1 fonts


pdfTeX warning: pdflatex (file /var/lib/texmf/fonts/map/pdftex/updmap/pdftex.ma
p): invalid entry for `PTSerif-UprightItalic-tlf-t1--base': SlantFont/ExtendFon
t can be used only with embedded Type1 fonts


pdfTeX warning: pdflatex (file /var/lib/texmf/fonts/map/pdftex/updmap/pdftex.ma
p): invalid entry for `PTSerif-UprightItalic-tlf-t2a--base': SlantFont/ExtendFo
nt can be used only with embedded Type1 fonts


pdfTeX warning: pdflatex (file /var/lib/texmf/fonts/map/pdftex/updmap/pdftex.ma
p): invalid entry for `PTSerif-UprightItalic-tlf-t2b--base': SlantFont/ExtendFo
nt can be used only with embedded Type1 fonts


pdfTeX warning: pdflatex (file /var/lib/texmf/fonts/map/pdftex/updmap/pdftex.ma
p): invalid entry for `PTSerif-UprightItalic-tlf-t2c--base': SlantFont/ExtendFo
nt can be used only with embedded Type1 fonts


pdfTeX warning: pdflatex (file /var/lib/texmf/fonts/map/pdftex/updmap/pdftex.ma
p): invalid entry for `PTSerif-UprightItalic-tlf-ts1--base': SlantFont/ExtendFo
nt can be used only with embedded Type1 fonts


pdfTeX warning: pdflatex (file /var/lib/texmf/fonts/map/pdftex/updmap/pdftex.ma
p): invalid entry for `PTSerif-UprightItalic-tlf-x2--base': SlantFont/ExtendFon
t can be used only with embedded Type1 fonts


pdfTeX warning: pdflatex (file /var/lib/texmf/fonts/map/pdftex/updmap/pdftex.ma
p): fontmap entry for `pcrb8y' already exists, duplicates ignored


pdfTeX warning: pdflatex (file /var/lib/texmf/fonts/map/pdftex/updmap/pdftex.ma
p): fontmap entry for `pcrbo8y' already exists, duplicates ignored


pdfTeX warning: pdflatex (file /var/lib/texmf/fonts/map/pdftex/updmap/pdftex.ma
p): fontmap entry for `pcrr8y' already exists, duplicates ignored


pdfTeX warning: pdflatex (file /var/lib/texmf/fonts/map/pdftex/updmap/pdftex.ma
p): fontmap entry for `pcrro8y' already exists, duplicates ignored


pdfTeX warning: pdflatex (file /var/lib/texmf/fonts/map/pdftex/updmap/pdftex.ma
p): fontmap entry for `pncb8y' already exists, duplicates ignored


pdfTeX warning: pdflatex (file /var/lib/texmf/fonts/map/pdftex/updmap/pdftex.ma
p): fontmap entry for `pncbi8y' already exists, duplicates ignored


pdfTeX warning: pdflatex (file /var/lib/texmf/fonts/map/pdftex/updmap/pdftex.ma
p): invalid entry for `pncbo8y': SlantFont/ExtendFont can be used only with emb
edded Type1 fonts


pdfTeX warning: pdflatex (file /var/lib/texmf/fonts/map/pdftex/updmap/pdftex.ma
p): fontmap entry for `pncr8y' already exists, duplicates ignored


pdfTeX warning: pdflatex (file /var/lib/texmf/fonts/map/pdftex/updmap/pdftex.ma
p): fontmap entry for `pncri8y' already exists, duplicates ignored


pdfTeX warning: pdflatex (file /var/lib/texmf/fonts/map/pdftex/updmap/pdftex.ma
p): invalid entry for `pncro8y': SlantFont/ExtendFont can be used only with emb
edded Type1 fonts


pdfTeX warning: pdflatex (file /var/lib/texmf/fonts/map/pdftex/updmap/pdftex.ma
p): ambiguous entry for `UniClass[letter]': font file present but not included,
 will be treated as font file not present


pdfTeX warning: pdflatex (file /var/lib/texmf/fonts/map/pdftex/updmap/pdftex.ma
p): fontmap entry for `rpxpplb' already exists, duplicates ignored


pdfTeX warning: pdflatex (file /var/lib/texmf/fonts/map/pdftex/updmap/pdftex.ma
p): fontmap entry for `rpxpplbi' already exists, duplicates ignored


pdfTeX warning: pdflatex (file /var/lib/texmf/fonts/map/pdftex/updmap/pdftex.ma
p): fontmap entry for `rpxpplbo' already exists, duplicates ignored


pdfTeX warning: pdflatex (file /var/lib/texmf/fonts/map/pdftex/updmap/pdftex.ma
p): fontmap entry for `rpxpplr' already exists, duplicates ignored


pdfTeX warning: pdflatex (file /var/lib/texmf/fonts/map/pdftex/updmap/pdftex.ma
p): fontmap entry for `rpxpplri' already exists, duplicates ignored


pdfTeX warning: pdflatex (file /var/lib/texmf/fonts/map/pdftex/updmap/pdftex.ma
p): fontmap entry for `rpxpplro' already exists, duplicates ignored


pdfTeX warning: pdflatex (file /var/lib/texmf/fonts/map/pdftex/updmap/pdftex.ma
p): ambiguous entry for `rtcxbsl': font file present but not included, will be 
treated as font file not present


pdfTeX warning: pdflatex (file /var/lib/texmf/fonts/map/pdftex/updmap/pdftex.ma
p): ambiguous entry for `rtcxbsso': font file present but not included, will be
 treated as font file not present


pdfTeX warning: pdflatex (file /var/lib/texmf/fonts/map/pdftex/updmap/pdftex.ma
p): ambiguous entry for `rtcxsl': font file present but not included, will be t
reated as font file not present


pdfTeX warning: pdflatex (file /var/lib/texmf/fonts/map/pdftex/updmap/pdftex.ma
p): ambiguous entry for `rtcxsssl': font file present but not included, will be
 treated as font file not present


pdfTeX warning: pdflatex (file /var/lib/texmf/fonts/map/pdftex/updmap/pdftex.ma
p): ambiguous entry for `rtxbsl': font file present but not included, will be t
reated as font file not present


pdfTeX warning: pdflatex (file /var/lib/texmf/fonts/map/pdftex/updmap/pdftex.ma
p): ambiguous entry for `rtxbsssl': font file present but not included, will be
 treated as font file not present


pdfTeX warning: pdflatex (file /var/lib/texmf/fonts/map/pdftex/updmap/pdftex.ma
p): ambiguous entry for `rtxphvb': font file present but not included, will be 
treated as font file not present


pdfTeX warning: pdflatex (file /var/lib/texmf/fonts/map/pdftex/updmap/pdftex.ma
p): fontmap entry for `rtxphvb' already exists, duplicates ignored


pdfTeX warning: pdflatex (file /var/lib/texmf/fonts/map/pdftex/updmap/pdftex.ma
p): ambiguous entry for `rtxphvbo': font file present but not included, will be
 treated as font file not present


pdfTeX warning: pdflatex (file /var/lib/texmf/fonts/map/pdftex/updmap/pdftex.ma
p): fontmap entry for `rtxphvbo' already exists, duplicates ignored


pdfTeX warning: pdflatex (file /var/lib/texmf/fonts/map/pdftex/updmap/pdftex.ma
p): ambiguous entry for `rtxphvr': font file present but not included, will be 
treated as font file not present


pdfTeX warning: pdflatex (file /var/lib/texmf/fonts/map/pdftex/updmap/pdftex.ma
p): fontmap entry for `rtxphvr' already exists, duplicates ignored


pdfTeX warning: pdflatex (file /var/lib/texmf/fonts/map/pdftex/updmap/pdftex.ma
p): ambiguous entry for `rtxphvro': font file present but not included, will be
 treated as font file not present


pdfTeX warning: pdflatex (file /var/lib/texmf/fonts/map/pdftex/updmap/pdftex.ma
p): fontmap entry for `rtxphvro' already exists, duplicates ignored


pdfTeX warning: pdflatex (file /var/lib/texmf/fonts/map/pdftex/updmap/pdftex.ma
p): ambiguous entry for `rtxptmb': font file present but not included, will be 
treated as font file not present


pdfTeX warning: pdflatex (file /var/lib/texmf/fonts/map/pdftex/updmap/pdftex.ma
p): fontmap entry for `rtxptmb' already exists, duplicates ignored


pdfTeX warning: pdflatex (file /var/lib/texmf/fonts/map/pdftex/updmap/pdftex.ma
p): ambiguous entry for `rtxptmbi': font file present but not included, will be
 treated as font file not present


pdfTeX warning: pdflatex (file /var/lib/texmf/fonts/map/pdftex/updmap/pdftex.ma
p): fontmap entry for `rtxptmbi' already exists, duplicates ignored


pdfTeX warning: pdflatex (file /var/lib/texmf/fonts/map/pdftex/updmap/pdftex.ma
p): ambiguous entry for `rtxptmbo': font file present but not included, will be
 treated as font file not present


pdfTeX warning: pdflatex (file /var/lib/texmf/fonts/map/pdftex/updmap/pdftex.ma
p): fontmap entry for `rtxptmbo' already exists, duplicates ignored


pdfTeX warning: pdflatex (file /var/lib/texmf/fonts/map/pdftex/updmap/pdftex.ma
p): ambiguous entry for `rtxptmr': font file present but not included, will be 
treated as font file not present


pdfTeX warning: pdflatex (file /var/lib/texmf/fonts/map/pdftex/updmap/pdftex.ma
p): fontmap entry for `rtxptmr' already exists, duplicates ignored


pdfTeX warning: pdflatex (file /var/lib/texmf/fonts/map/pdftex/updmap/pdftex.ma
p): ambiguous entry for `rtxptmri': font file present but not included, will be
 treated as font file not present


pdfTeX warning: pdflatex (file /var/lib/texmf/fonts/map/pdftex/updmap/pdftex.ma
p): fontmap entry for `rtxptmri' already exists, duplicates ignored


pdfTeX warning: pdflatex (file /var/lib/texmf/fonts/map/pdftex/updmap/pdftex.ma
p): ambiguous entry for `rtxptmro': font file present but not included, will be
 treated as font file not present


pdfTeX warning: pdflatex (file /var/lib/texmf/fonts/map/pdftex/updmap/pdftex.ma
p): fontmap entry for `rtxptmro' already exists, duplicates ignored


pdfTeX warning: pdflatex (file /var/lib/texmf/fonts/map/pdftex/updmap/pdftex.ma
p): ambiguous entry for `rtxsl': font file present but not included, will be tr
eated as font file not present


pdfTeX warning: pdflatex (file /var/lib/texmf/fonts/map/pdftex/updmap/pdftex.ma
p): ambiguous entry for `rtxsssl': font file present but not included, will be 
treated as font file not present


pdfTeX warning: pdflatex (file /var/lib/texmf/fonts/map/pdftex/updmap/pdftex.ma
p): ambiguous entry for `t1xbttsl': font file present but not included, will be
 treated as font file not present


pdfTeX warning: pdflatex (file /var/lib/texmf/fonts/map/pdftex/updmap/pdftex.ma
p): ambiguous entry for `t1xttsl': font file present but not included, will be 
treated as font file not present


pdfTeX warning: pdflatex (file /var/lib/texmf/fonts/map/pdftex/updmap/pdftex.ma
p): ambiguous entry for `tcxbttsl': font file present but not included, will be
 treated as font file not present


pdfTeX warning: pdflatex (file /var/lib/texmf/fonts/map/pdftex/updmap/pdftex.ma
p): ambiguous entry for `tcxttsl': font file present but not included, will be 
treated as font file not present


pdfTeX warning: pdflatex (file /var/lib/texmf/fonts/map/pdftex/updmap/pdftex.ma
p): ambiguous entry for `txbttsl': font file present but not included, will be 
treated as font file not present


pdfTeX warning: pdflatex (file /var/lib/texmf/fonts/map/pdftex/updmap/pdftex.ma
p): ambiguous entry for `txttsl': font file present but not included, will be t
reated as font file not present
}

]
LaTeX Font Info:    Trying to load font information for TS1+cmss on input line 
78.
 (/usr/share/texlive/texmf-dist/tex/latex/base/ts1cmss.fd
File: ts1cmss.fd 2019/12/16 v2.5j Standard LaTeX font definitions
) [2

]
LaTeX Font Info:    Trying to load font information for U+msa on input line 103
.

(/usr/share/texlive/texmf-dist/tex/latex/amsfonts/umsa.fd
File: umsa.fd 2013/01/14 v3.01 AMS symbols A
)
LaTeX Font Info:    Trying to load font information for U+msb on input line 103
.

(/usr/share/texlive/texmf-dist/tex/latex/amsfonts/umsb.fd
File: umsb.fd 2013/01/14 v3.01 AMS symbols B
)
LaTeX Font Info:    Trying to load font information for OT1+mathkerncmss on inp
ut line 103.

(/usr/share/texlive/texmf-dist/tex/latex/sansmathaccent/ot1mathkerncmss.fd
File: ot1mathkerncmss.fd 2020/01/31 Fontinst v1.933 font definitions for OT1/ma
thkerncmss.
)
[3

]
<images/swarm.jpg, id=63, 803.0pt x 536.0025pt>
File: images/swarm.jpg Graphic file (type jpg)
<use images/swarm.jpg>
Package pdftex.def Info: images/swarm.jpg  used on input line 117.
(pdftex.def)             Requested size: 284.52756pt x 189.92644pt.
 [4

 <./images/swarm.jpg>] [5

] [6

] [7

] [8

] [9

]
<images/mcmasp.pdf, id=111, 156.49767pt x 177.2241pt>
File: images/mcmasp.pdf Graphic file (type pdf)
<use images/mcmasp.pdf>
Package pdftex.def Info: images/mcmasp.pdf  used on input line 268.
(pdftex.def)             Requested size: 142.26378pt x 161.11732pt.
<images/exp.pdf, id=112, 215.08656pt x 47.1612pt>
File: images/exp.pdf Graphic file (type pdf)
<use images/exp.pdf>
Package pdftex.def Info: images/exp.pdf  used on input line 268.
(pdftex.def)             Requested size: 213.39566pt x 46.7919pt.

Overfull \hbox (22.25125pt too wide) in paragraph at lines 268--268
[][]  
 []

[10

 <./images/mcmasp.pdf> <./images/exp.pdf>]
<images/neuralagent.pdf, id=175, 148.93442pt x 90.9277pt>
File: images/neuralagent.pdf Graphic file (type pdf)
<use images/neuralagent.pdf>
Package pdftex.def Info: images/neuralagent.pdf  used on input line 282.
(pdftex.def)             Requested size: 142.26378pt x 86.86086pt.
<images/node.pdf, id=176, 230.44695pt x 180.19019pt>
File: images/node.pdf Graphic file (type pdf)
<use images/node.pdf>
Package pdftex.def Info: images/node.pdf  used on input line 282.
(pdftex.def)             Requested size: 113.81102pt x 88.98956pt.
 [11

 <./images/neuralagent.pdf> <./images/node.pdf>]
<images/advrob.pdf, id=238, 320.53752pt x 92.91614pt>
File: images/advrob.pdf Graphic file (type pdf)
<use images/advrob.pdf>
Package pdftex.def Info: images/advrob.pdf  used on input line 301.
(pdftex.def)             Requested size: 284.52756pt x 82.47816pt.
 [12

 <./images/advrob.pdf>]
LaTeX Font Info:    Font shape `OT1/cmss/b/n' in size <10> not available
(Font)              Font shape `OT1/cmss/bx/n' tried instead on input line 323.

LaTeX Font Info:    Font shape `OT1/cmss/b/n' in size <7> not available
(Font)              Font shape `OT1/cmss/bx/n' tried instead on input line 323.

LaTeX Font Info:    Font shape `OT1/cmss/b/n' in size <5> not available
(Font)              Font shape `OT1/cmss/bx/n' tried instead on input line 323.

 [13

]
<images/relaxation.pdf, id=267, 150.57253pt x 108.8587pt>
File: images/relaxation.pdf Graphic file (type pdf)
<use images/relaxation.pdf>
Package pdftex.def Info: images/relaxation.pdf  used on input line 418.
(pdftex.def)             Requested size: 142.26378pt x 102.85706pt.
 [14

 <./images/relaxation.pdf>]
<images/relu_milp.png, id=286, 665.48625pt x 311.1625pt>
File: images/relu_milp.png Graphic file (type png)
<use images/relu_milp.png>
Package pdftex.def Info: images/relu_milp.png  used on input line 442.
(pdftex.def)             Requested size: 170.71652pt x 79.81781pt.
 [15

 <./images/relu_milp.png>] [16

]
<images/venus2.pdf, id=299, 240.69725pt x 103.17847pt>
File: images/venus2.pdf Graphic file (type pdf)
<use images/venus2.pdf>
Package pdftex.def Info: images/venus2.pdf  used on input line 782.
(pdftex.def)             Requested size: 156.49014pt x 67.08409pt.
LaTeX Font Info:    Font shape `OT1/cmtt/bx/n' in size <14.4> not available
(Font)              Font shape `OT1/cmtt/m/n' tried instead on input line 782.
 [17

 <./images/venus2.pdf>]
<images/pnp1.png, id=316, 445.665pt x 163.61125pt>
File: images/pnp1.png Graphic file (type png)
<use images/pnp1.png>
Package pdftex.def Info: images/pnp1.png  used on input line 892.
(pdftex.def)             Requested size: 142.26378pt x 52.22684pt.
<images/pnp2.png, id=317, 451.6875pt x 319.1925pt>
File: images/pnp2.png Graphic file (type png)
<use images/pnp2.png>
Package pdftex.def Info: images/pnp2.png  used on input line 892.
(pdftex.def)             Requested size: 128.0374pt x 90.47888pt.
 [18

 <./images/pnp1.png> <./images/pnp2.png>]
<images/cex.jpg, id=325, 128.48pt x 128.48pt>
File: images/cex.jpg Graphic file (type jpg)
<use images/cex.jpg>
Package pdftex.def Info: images/cex.jpg  used on input line 912.
(pdftex.def)             Requested size: 85.35826pt x 85.3597pt.
File: images/cex.jpg Graphic file (type jpg)
<use images/cex.jpg>
Package pdftex.def Info: images/cex.jpg  used on input line 912.
(pdftex.def)             Requested size: 85.35826pt x 85.3597pt.
 [19

 <./images/cex.jpg>]
<images/neurosymagent.pdf, id=332, 241.04253pt x 85.71121pt>
File: images/neurosymagent.pdf Graphic file (type pdf)
<use images/neurosymagent.pdf>
Package pdftex.def Info: images/neurosymagent.pdf  used on input line 935.
(pdftex.def)             Requested size: 256.0748pt x 91.06006pt.
 [20

 <./images/neurosymagent.pdf>]
LaTeX Font Info:    Freeze math alphabet allocation in version normal.
(Font)              Allocated math groups: 14 (local: 2) on input line 999.
LaTeX Font Info:    Undo math alphabet allocation in version normal on input li
ne 999.
LaTeX Font Info:    Undo math alphabet allocation in version normal on input li
ne 999.
LaTeX Font Info:    Undo math alphabet allocation in version normal on input li
ne 999.
LaTeX Font Info:    Undo math alphabet allocation in version normal on input li
ne 999.
LaTeX Font Info:    Undo math alphabet allocation in version normal on input li
ne 999.
LaTeX Font Info:    Undo math alphabet allocation in version normal on input li
ne 999.
 [21

]
LaTeX Font Info:    Undo math alphabet allocation in version normal on input li
ne 1044.
LaTeX Font Info:    Undo math alphabet allocation in version normal on input li
ne 1044.
LaTeX Font Info:    Undo math alphabet allocation in version normal on input li
ne 1044.
LaTeX Font Info:    Undo math alphabet allocation in version normal on input li
ne 1044.
LaTeX Font Info:    Undo math alphabet allocation in version normal on input li
ne 1044.
LaTeX Font Info:    Undo math alphabet allocation in version normal on input li
ne 1044.
 [22

]
LaTeX Font Info:    Undo math alphabet allocation in version normal on input li
ne 1090.
LaTeX Font Info:    Undo math alphabet allocation in version normal on input li
ne 1090.
LaTeX Font Info:    Undo math alphabet allocation in version normal on input li
ne 1090.
LaTeX Font Info:    Undo math alphabet allocation in version normal on input li
ne 1090.
LaTeX Font Info:    Undo math alphabet allocation in version normal on input li
ne 1090.
LaTeX Font Info:    Undo math alphabet allocation in version normal on input li
ne 1090.
 [23

]
LaTeX Font Info:    Undo math alphabet allocation in version normal on input li
ne 1140.
LaTeX Font Info:    Undo math alphabet allocation in version normal on input li
ne 1140.
LaTeX Font Info:    Undo math alphabet allocation in version normal on input li
ne 1140.
LaTeX Font Info:    Undo math alphabet allocation in version normal on input li
ne 1140.
LaTeX Font Info:    Undo math alphabet allocation in version normal on input li
ne 1140.
LaTeX Font Info:    Undo math alphabet allocation in version normal on input li
ne 1140.
 [24

]
LaTeX Font Info:    Undo math alphabet allocation in version normal on input li
ne 1195.
LaTeX Font Info:    Undo math alphabet allocation in version normal on input li
ne 1195.
LaTeX Font Info:    Undo math alphabet allocation in version normal on input li
ne 1195.
LaTeX Font Info:    Undo math alphabet allocation in version normal on input li
ne 1195.
LaTeX Font Info:    Undo math alphabet allocation in version normal on input li
ne 1195.
LaTeX Font Info:    Undo math alphabet allocation in version normal on input li
ne 1195.
 [25

]
LaTeX Font Info:    Undo math alphabet allocation in version normal on input li
ne 1232.
LaTeX Font Info:    Undo math alphabet allocation in version normal on input li
ne 1232.
LaTeX Font Info:    Undo math alphabet allocation in version normal on input li
ne 1232.
LaTeX Font Info:    Undo math alphabet allocation in version normal on input li
ne 1232.
LaTeX Font Info:    Undo math alphabet allocation in version normal on input li
ne 1232.
LaTeX Font Info:    Undo math alphabet allocation in version normal on input li
ne 1232.
LaTeX Font Info:    No math alphabet change to frozen version normal on input l
ine 1232.
 [26

]
LaTeX Font Info:    No math alphabet change to frozen version normal on input l
ine 1270.
LaTeX Font Info:    No math alphabet change to frozen version normal on input l
ine 1270.
LaTeX Font Info:    No math alphabet change to frozen version normal on input l
ine 1270.
LaTeX Font Info:    No math alphabet change to frozen version normal on input l
ine 1270.
LaTeX Font Info:    No math alphabet change to frozen version normal on input l
ine 1270.
LaTeX Font Info:    No math alphabet change to frozen version normal on input l
ine 1270.
LaTeX Font Info:    No math alphabet change to frozen version normal on input l
ine 1270.
LaTeX Font Info:    No math alphabet change to frozen version normal on input l
ine 1270.
LaTeX Font Info:    No math alphabet change to frozen version normal on input l
ine 1270.
LaTeX Font Info:    No math alphabet change to frozen version normal on input l
ine 1270.
LaTeX Font Info:    No math alphabet change to frozen version normal on input l
ine 1270.
LaTeX Font Info:    No math alphabet change to frozen version normal on input l
ine 1270.
LaTeX Font Info:    No math alphabet change to frozen version normal on input l
ine 1270.
LaTeX Font Info:    No math alphabet change to frozen version normal on input l
ine 1270.
LaTeX Font Info:    No math alphabet change to frozen version normal on input l
ine 1270.
LaTeX Font Info:    No math alphabet change to frozen version normal on input l
ine 1270.
LaTeX Font Info:    No math alphabet change to frozen version normal on input l
ine 1270.
LaTeX Font Info:    No math alphabet change to frozen version normal on input l
ine 1270.
 [27

]
LaTeX Font Info:    No math alphabet change to frozen version normal on input l
ine 1311.
LaTeX Font Info:    No math alphabet change to frozen version normal on input l
ine 1311.
LaTeX Font Info:    No math alphabet change to frozen version normal on input l
ine 1311.
<images/monolithic.png, id=387, 1203.49625pt x 249.93375pt>
File: images/monolithic.png Graphic file (type png)
<use images/monolithic.png>
Package pdftex.def Info: images/monolithic.png  used on input line 1311.
(pdftex.def)             Requested size: 256.0748pt x 53.1779pt.
LaTeX Font Info:    No math alphabet change to frozen version normal on input l
ine 1311.
LaTeX Font Info:    No math alphabet change to frozen version normal on input l
ine 1311.
<images/compositional.png, id=388, 1052.93375pt x 155.58125pt>
File: images/compositional.png Graphic file (type png)
<use images/compositional.png>
Package pdftex.def Info: images/compositional.png  used on input line 1311.
(pdftex.def)             Requested size: 256.0748pt x 37.83641pt.
 [28

 <./images/monolithic.png> <./images/compositional.png>]
LaTeX Font Info:    No math alphabet change to frozen version normal on input l
ine 1358.
LaTeX Font Info:    No math alphabet change to frozen version normal on input l
ine 1358.
LaTeX Font Info:    No math alphabet change to frozen version normal on input l
ine 1358.
LaTeX Font Info:    No math alphabet change to frozen version normal on input l
ine 1358.
LaTeX Font Info:    No math alphabet change to frozen version normal on input l
ine 1358.
LaTeX Font Info:    No math alphabet change to frozen version normal on input l
ine 1358.
LaTeX Font Info:    No math alphabet change to frozen version normal on input l
ine 1358.
LaTeX Font Info:    Undo math alphabet allocation in version normal on input li
ne 1358.
LaTeX Font Info:    No math alphabet change to frozen version normal on input l
ine 1358.
LaTeX Font Info:    Undo math alphabet allocation in version normal on input li
ne 1358.
LaTeX Font Info:    No math alphabet change to frozen version normal on input l
ine 1358.
LaTeX Font Info:    No math alphabet change to frozen version normal on input l
ine 1358.

Overfull \hbox (46.32454pt too wide) in paragraph at lines 1358--1358
[][] 
 []

LaTeX Font Info:    No math alphabet change to frozen version normal on input l
ine 1358.
LaTeX Font Info:    No math alphabet change to frozen version normal on input l
ine 1358.
<images/acas.png, id=399, 861.2175pt x 278.03876pt>
File: images/acas.png Graphic file (type png)
<use images/acas.png>
Package pdftex.def Info: images/acas.png  used on input line 1358.
(pdftex.def)             Requested size: 199.16928pt x 64.29968pt.
[29

 <./images/acas.png>]
LaTeX Font Info:    No math alphabet change to frozen version normal on input l
ine 1380.
LaTeX Font Info:    No math alphabet change to frozen version normal on input l
ine 1380.
LaTeX Font Info:    No math alphabet change to frozen version normal on input l
ine 1380.
LaTeX Font Info:    No math alphabet change to frozen version normal on input l
ine 1380.
LaTeX Font Info:    No math alphabet change to frozen version normal on input l
ine 1380.
LaTeX Font Info:    No math alphabet change to frozen version normal on input l
ine 1380.
<images/acas2.png, id=408, 580.1675pt x 205.76875pt>
File: images/acas2.png Graphic file (type png)
<use images/acas2.png>
Package pdftex.def Info: images/acas2.png  used on input line 1380.
(pdftex.def)             Requested size: 170.71652pt x 60.5474pt.
<images/acas_exps.png, id=409, 830.10126pt x 240.9pt>
File: images/acas_exps.png Graphic file (type png)
<use images/acas_exps.png>
Package pdftex.def Info: images/acas_exps.png  used on input line 1380.
(pdftex.def)             Requested size: 199.16928pt x 57.7988pt.
 [30

 <./images/acas2.png> <./images/acas_exps.png>]
[31

]
\tf@nav=\write6
\openout6 = `slides.nav'.

\tf@toc=\write7
\openout7 = `slides.toc'.

\tf@snm=\write8
\openout8 = `slides.snm'.

 (./slides.aux)
Package rerunfilecheck Info: File `slides.out' has not changed.
(rerunfilecheck)             Checksum: D41D8CD98F00B204E9800998ECF8427E;0.
 ) 
Here is how much of TeX's memory you used:
 34791 strings out of 476182
 749830 string characters out of 5796604
 1865793 words of memory out of 6000000
 54303 multiletter control sequences out of 15000+600000
 550813 words of font info for 156 fonts, out of 8000000 for 9000
 1137 hyphenation exceptions out of 8191
 128i,23n,122p,410b,1005s stack positions out of 10000i,1000n,20000p,200000b,200000s
{/usr/share/texlive/texmf-dist/fonts/enc/dvips/cm-super/cm-super-ts1.enc}{/us
r/share/texlive/texmf-dist/fonts/enc/dvips/mnsymbol/MnSymbolC.enc}{/usr/share/t
exlive/texmf-dist/fonts/enc/dvips/mnsymbol/MnSymbolS.enc}{/usr/share/texlive/te
xmf-dist/fonts/enc/dvips/mnsymbol/MnSymbolD.enc}{/usr/share/texlive/texmf-dist/
fonts/enc/dvips/mnsymbol/MnSymbolE.enc}{/usr/share/texlive/texmf-dist/fonts/enc
/dvips/cm-super/cm-super-t1.enc}{/usr/share/texlive/texmf-dist/fonts/enc/dvips/
mnsymbol/MnSymbolA.enc}</usr/share/texlive/texmf-dist/fonts/type1/public/mnsymb
ol/MnSymbol10.pfb></usr/share/texlive/texmf-dist/fonts/type1/public/mnsymbol/Mn
Symbol12.pfb></usr/share/texlive/texmf-dist/fonts/type1/public/mnsymbol/MnSymbo
l5.pfb></usr/share/texlive/texmf-dist/fonts/type1/public/mnsymbol/MnSymbol6.pfb
></usr/share/texlive/texmf-dist/fonts/type1/public/mnsymbol/MnSymbol7.pfb></usr
/share/texlive/texmf-dist/fonts/type1/public/mnsymbol/MnSymbol9.pfb></usr/share
/texlive/texmf-dist/fonts/type1/public/amsfonts/cm/cmbx7.pfb></usr/share/texliv
e/texmf-dist/fonts/type1/public/amsfonts/cm/cmmi10.pfb></usr/share/texlive/texm
f-dist/fonts/type1/public/amsfonts/cm/cmmi12.pfb></usr/share/texlive/texmf-dist
/fonts/type1/public/amsfonts/cm/cmmi6.pfb></usr/share/texlive/texmf-dist/fonts/
type1/public/amsfonts/cm/cmmi7.pfb></usr/share/texlive/texmf-dist/fonts/type1/p
ublic/amsfonts/cm/cmmi8.pfb></usr/share/texlive/texmf-dist/fonts/type1/public/a
msfonts/cm/cmmi9.pfb></usr/share/texlive/texmf-dist/fonts/type1/public/amsfonts
/cm/cmr10.pfb></usr/share/texlive/texmf-dist/fonts/type1/public/amsfonts/cm/cmr
17.pfb></usr/share/texlive/texmf-dist/fonts/type1/public/amsfonts/cm/cmr5.pfb><
/usr/share/texlive/texmf-dist/fonts/type1/public/amsfonts/cm/cmr7.pfb></usr/sha
re/texlive/texmf-dist/fonts/type1/public/amsfonts/cm/cmss10.pfb></usr/share/tex
live/texmf-dist/fonts/type1/public/amsfonts/cm/cmss12.pfb></usr/share/texlive/t
exmf-dist/fonts/type1/public/amsfonts/cm/cmss8.pfb></usr/share/texlive/texmf-di
st/fonts/type1/public/amsfonts/cm/cmss9.pfb></usr/share/texlive/texmf-dist/font
s/type1/public/amsfonts/cm/cmssbx10.pfb></usr/share/texlive/texmf-dist/fonts/ty
pe1/public/amsfonts/cm/cmssi10.pfb></usr/share/texlive/texmf-dist/fonts/type1/p
ublic/amsfonts/cm/cmssi12.pfb></usr/share/texlive/texmf-dist/fonts/type1/public
/amsfonts/cm/cmssi8.pfb></usr/share/texlive/texmf-dist/fonts/type1/public/amsfo
nts/cm/cmssi9.pfb></usr/share/texlive/texmf-dist/fonts/type1/public/amsfonts/cm
/cmsy7.pfb></usr/share/texlive/texmf-dist/fonts/type1/public/amsfonts/cm/cmtcsc
10.pfb></usr/share/texlive/texmf-dist/fonts/type1/public/amsfonts/cm/cmti10.pfb
></usr/share/texlive/texmf-dist/fonts/type1/public/amsfonts/cm/cmtt10.pfb></usr
/share/texlive/texmf-dist/fonts/type1/public/lm/lmmi10.pfb></usr/share/texlive/
texmf-dist/fonts/type1/public/lm/lmmi5.pfb></usr/share/texlive/texmf-dist/fonts
/type1/public/lm/lmmi7.pfb></usr/share/texlive/texmf-dist/fonts/type1/public/am
sfonts/symbols/msbm10.pfb></usr/share/texlive/texmf-dist/fonts/type1/public/cm-
super/sfso1000.pfb></usr/share/texlive/texmf-dist/fonts/type1/public/cm-super/s
fss0900.pfb></usr/share/texlive/texmf-dist/fonts/type1/public/cm-super/sfss1000
.pfb>
Output written on slides.pdf (31 pages, 2312492 bytes).
PDF statistics:
 582 PDF objects out of 1000 (max. 8388607)
 403 compressed objects within 5 object streams
 63 named destinations out of 1000 (max. 500000)
 229 words of extra memory for PDF output out of 10000 (max. 10000000)

